[DEBUG] 2022-07-28 19:27:30.377 - Initializing a webdriver for selenium version 4.1.2 -[utilities.drivers.Driver] -utilities.drivers.Driver.getDriver(Driver.java:33) 
[INFO] 2022-07-28 19:27:30.386 - Loading chrome browser -[utilities.drivers.Driver] -utilities.drivers.Driver.getDriver(Driver.java:35) 
[INFO] 2022-07-28 19:27:30.386 - Loading Chrome WebDriver -[utilities.drivers.Driver] -utilities.drivers.Driver.getDriver(Driver.java:39) 
[DEBUG] 2022-07-28 19:27:31.426 - Using Log4J2 as the default logging framework -[io.netty.util.internal.logging.InternalLoggerFactory] -io.netty.util.internal.logging.InternalLoggerFactory.useLog4J2LoggerFactory(InternalLoggerFactory.java:76) 
[DEBUG] 2022-07-28 19:27:31.441 - -Dio.netty.leakDetection.level: simple -[io.netty.util.ResourceLeakDetector] -io.netty.util.ResourceLeakDetector.<clinit>(ResourceLeakDetector.java:129) 
[DEBUG] 2022-07-28 19:27:31.441 - -Dio.netty.leakDetection.targetRecords: 4 -[io.netty.util.ResourceLeakDetector] -io.netty.util.ResourceLeakDetector.<clinit>(ResourceLeakDetector.java:130) 
[DEBUG] 2022-07-28 19:27:31.451 - Loaded default ResourceLeakDetector: io.netty.util.ResourceLeakDetector@13e9f2e2 -[io.netty.util.ResourceLeakDetectorFactory$DefaultResourceLeakDetectorFactory] -io.netty.util.ResourceLeakDetectorFactory$DefaultResourceLeakDetectorFactory.newResourceLeakDetector(ResourceLeakDetectorFactory.java:196) 
[DEBUG] 2022-07-28 19:27:31.516 - -Dio.netty.noUnsafe: false -[io.netty.util.internal.PlatformDependent0] -io.netty.util.internal.PlatformDependent0.explicitNoUnsafeCause0(PlatformDependent0.java:460) 
[DEBUG] 2022-07-28 19:27:31.517 - Java version: 8 -[io.netty.util.internal.PlatformDependent0] -io.netty.util.internal.PlatformDependent0.javaVersion0(PlatformDependent0.java:954) 
[DEBUG] 2022-07-28 19:27:31.519 - sun.misc.Unsafe.theUnsafe: available -[io.netty.util.internal.PlatformDependent0] -io.netty.util.internal.PlatformDependent0.<clinit>(PlatformDependent0.java:135) 
[DEBUG] 2022-07-28 19:27:31.520 - sun.misc.Unsafe.copyMemory: available -[io.netty.util.internal.PlatformDependent0] -io.netty.util.internal.PlatformDependent0.<clinit>(PlatformDependent0.java:159) 
[DEBUG] 2022-07-28 19:27:31.521 - java.nio.Buffer.address: available -[io.netty.util.internal.PlatformDependent0] -io.netty.util.internal.PlatformDependent0.<clinit>(PlatformDependent0.java:202) 
[DEBUG] 2022-07-28 19:27:31.524 - direct buffer constructor: available -[io.netty.util.internal.PlatformDependent0] -io.netty.util.internal.PlatformDependent0.<clinit>(PlatformDependent0.java:272) 
[DEBUG] 2022-07-28 19:27:31.526 - java.nio.Bits.unaligned: available, true -[io.netty.util.internal.PlatformDependent0] -io.netty.util.internal.PlatformDependent0.<clinit>(PlatformDependent0.java:350) 
[DEBUG] 2022-07-28 19:27:31.526 - jdk.internal.misc.Unsafe.allocateUninitializedArray(int): unavailable prior to Java9 -[io.netty.util.internal.PlatformDependent0] -io.netty.util.internal.PlatformDependent0.<clinit>(PlatformDependent0.java:424) 
[DEBUG] 2022-07-28 19:27:31.526 - java.nio.DirectByteBuffer.<init>(long, int): available -[io.netty.util.internal.PlatformDependent0] -io.netty.util.internal.PlatformDependent0.<clinit>(PlatformDependent0.java:446) 
[DEBUG] 2022-07-28 19:27:31.527 - sun.misc.Unsafe: available -[io.netty.util.internal.PlatformDependent] -io.netty.util.internal.PlatformDependent.unsafeUnavailabilityCause0(PlatformDependent.java:1116) 
[DEBUG] 2022-07-28 19:27:31.528 - -Dio.netty.tmpdir: C:\Users\OLEKSA~1\AppData\Local\Temp (java.io.tmpdir) -[io.netty.util.internal.PlatformDependent] -io.netty.util.internal.PlatformDependent.tmpdir0(PlatformDependent.java:1237) 
[DEBUG] 2022-07-28 19:27:31.529 - -Dio.netty.bitMode: 64 (sun.arch.data.model) -[io.netty.util.internal.PlatformDependent] -io.netty.util.internal.PlatformDependent.bitMode0(PlatformDependent.java:1316) 
[DEBUG] 2022-07-28 19:27:31.531 - Platform: Windows -[io.netty.util.internal.PlatformDependent] -io.netty.util.internal.PlatformDependent.isWindows0(PlatformDependent.java:1076) 
[DEBUG] 2022-07-28 19:27:31.533 - -Dio.netty.maxDirectMemory: 1883242496 bytes -[io.netty.util.internal.PlatformDependent] -io.netty.util.internal.PlatformDependent.<clinit>(PlatformDependent.java:178) 
[DEBUG] 2022-07-28 19:27:31.535 - -Dio.netty.uninitializedArrayAllocationThreshold: -1 -[io.netty.util.internal.PlatformDependent] -io.netty.util.internal.PlatformDependent.<clinit>(PlatformDependent.java:185) 
[DEBUG] 2022-07-28 19:27:31.537 - java.nio.ByteBuffer.cleaner(): available -[io.netty.util.internal.CleanerJava6] -io.netty.util.internal.CleanerJava6.<clinit>(CleanerJava6.java:92) 
[DEBUG] 2022-07-28 19:27:31.538 - -Dio.netty.noPreferDirect: false -[io.netty.util.internal.PlatformDependent] -io.netty.util.internal.PlatformDependent.<clinit>(PlatformDependent.java:205) 
[DEBUG] 2022-07-28 19:27:31.555 - org.jctools-core.MpscChunkedArrayQueue: available -[io.netty.util.internal.PlatformDependent$Mpsc] -io.netty.util.internal.PlatformDependent$Mpsc.<clinit>(PlatformDependent.java:967) 
[DEBUG] 2022-07-28 19:27:31.589 - -Dio.netty.threadLocalMap.stringBuilder.initialSize: 1024 -[io.netty.util.internal.InternalThreadLocalMap] -io.netty.util.internal.InternalThreadLocalMap.<clinit>(InternalThreadLocalMap.java:86) 
[DEBUG] 2022-07-28 19:27:31.590 - -Dio.netty.threadLocalMap.stringBuilder.maxSize: 4096 -[io.netty.util.internal.InternalThreadLocalMap] -io.netty.util.internal.InternalThreadLocalMap.<clinit>(InternalThreadLocalMap.java:89) 
[DEBUG] 2022-07-28 19:27:31.629 - Default protocols (JDK): [TLSv1.2]  -[io.netty.handler.ssl.JdkSslContext] -io.netty.handler.ssl.JdkSslContext.<clinit>(JdkSslContext.java:97) 
[DEBUG] 2022-07-28 19:27:31.631 - Default cipher suites (JDK): [TLS_ECDHE_ECDSA_WITH_AES_256_GCM_SHA384, TLS_ECDHE_ECDSA_WITH_AES_128_GCM_SHA256, TLS_ECDHE_RSA_WITH_AES_128_GCM_SHA256, TLS_ECDHE_RSA_WITH_AES_256_GCM_SHA384, TLS_ECDHE_RSA_WITH_AES_128_CBC_SHA, TLS_ECDHE_RSA_WITH_AES_256_CBC_SHA, TLS_RSA_WITH_AES_128_GCM_SHA256, TLS_RSA_WITH_AES_128_CBC_SHA, TLS_RSA_WITH_AES_256_CBC_SHA, TLS_AES_128_GCM_SHA256, TLS_AES_256_GCM_SHA384] -[io.netty.handler.ssl.JdkSslContext] -io.netty.handler.ssl.JdkSslContext.<clinit>(JdkSslContext.java:98) 
[DEBUG] 2022-07-28 19:27:31.711 - -Dio.netty.eventLoopThreads: 8 -[io.netty.channel.MultithreadEventLoopGroup] -io.netty.channel.MultithreadEventLoopGroup.<clinit>(MultithreadEventLoopGroup.java:44) 
[DEBUG] 2022-07-28 19:27:31.739 - -Dio.netty.noKeySetOptimization: false -[io.netty.channel.nio.NioEventLoop] -io.netty.channel.nio.NioEventLoop.<clinit>(NioEventLoop.java:109) 
[DEBUG] 2022-07-28 19:27:31.741 - -Dio.netty.selectorAutoRebuildThreshold: 512 -[io.netty.channel.nio.NioEventLoop] -io.netty.channel.nio.NioEventLoop.<clinit>(NioEventLoop.java:110) 
[DEBUG] 2022-07-28 19:27:31.805 - -Dio.netty.allocator.numHeapArenas: 8 -[io.netty.buffer.PooledByteBufAllocator] -io.netty.buffer.PooledByteBufAllocator.<clinit>(PooledByteBufAllocator.java:155) 
[DEBUG] 2022-07-28 19:27:31.811 - -Dio.netty.allocator.numDirectArenas: 8 -[io.netty.buffer.PooledByteBufAllocator] -io.netty.buffer.PooledByteBufAllocator.<clinit>(PooledByteBufAllocator.java:156) 
[DEBUG] 2022-07-28 19:27:31.811 - -Dio.netty.allocator.pageSize: 8192 -[io.netty.buffer.PooledByteBufAllocator] -io.netty.buffer.PooledByteBufAllocator.<clinit>(PooledByteBufAllocator.java:158) 
[DEBUG] 2022-07-28 19:27:31.812 - -Dio.netty.allocator.maxOrder: 11 -[io.netty.buffer.PooledByteBufAllocator] -io.netty.buffer.PooledByteBufAllocator.<clinit>(PooledByteBufAllocator.java:163) 
[DEBUG] 2022-07-28 19:27:31.812 - -Dio.netty.allocator.chunkSize: 16777216 -[io.netty.buffer.PooledByteBufAllocator] -io.netty.buffer.PooledByteBufAllocator.<clinit>(PooledByteBufAllocator.java:167) 
[DEBUG] 2022-07-28 19:27:31.813 - -Dio.netty.allocator.smallCacheSize: 256 -[io.netty.buffer.PooledByteBufAllocator] -io.netty.buffer.PooledByteBufAllocator.<clinit>(PooledByteBufAllocator.java:168) 
[DEBUG] 2022-07-28 19:27:31.814 - -Dio.netty.allocator.normalCacheSize: 64 -[io.netty.buffer.PooledByteBufAllocator] -io.netty.buffer.PooledByteBufAllocator.<clinit>(PooledByteBufAllocator.java:169) 
[DEBUG] 2022-07-28 19:27:31.816 - -Dio.netty.allocator.maxCachedBufferCapacity: 32768 -[io.netty.buffer.PooledByteBufAllocator] -io.netty.buffer.PooledByteBufAllocator.<clinit>(PooledByteBufAllocator.java:170) 
[DEBUG] 2022-07-28 19:27:31.816 - -Dio.netty.allocator.cacheTrimInterval: 8192 -[io.netty.buffer.PooledByteBufAllocator] -io.netty.buffer.PooledByteBufAllocator.<clinit>(PooledByteBufAllocator.java:171) 
[DEBUG] 2022-07-28 19:27:31.817 - -Dio.netty.allocator.cacheTrimIntervalMillis: 0 -[io.netty.buffer.PooledByteBufAllocator] -io.netty.buffer.PooledByteBufAllocator.<clinit>(PooledByteBufAllocator.java:172) 
[DEBUG] 2022-07-28 19:27:31.817 - -Dio.netty.allocator.useCacheForAllThreads: true -[io.netty.buffer.PooledByteBufAllocator] -io.netty.buffer.PooledByteBufAllocator.<clinit>(PooledByteBufAllocator.java:173) 
[DEBUG] 2022-07-28 19:27:31.821 - -Dio.netty.allocator.maxCachedByteBuffersPerChunk: 1023 -[io.netty.buffer.PooledByteBufAllocator] -io.netty.buffer.PooledByteBufAllocator.<clinit>(PooledByteBufAllocator.java:174) 
[DEBUG] 2022-07-28 19:27:31.840 - -Dio.netty.allocator.type: pooled -[io.netty.buffer.ByteBufUtil] -io.netty.buffer.ByteBufUtil.<clinit>(ByteBufUtil.java:87) 
[DEBUG] 2022-07-28 19:27:31.842 - -Dio.netty.threadLocalDirectBufferSize: 0 -[io.netty.buffer.ByteBufUtil] -io.netty.buffer.ByteBufUtil.<clinit>(ByteBufUtil.java:96) 
[DEBUG] 2022-07-28 19:27:31.844 - -Dio.netty.maxThreadLocalCharBufferSize: 16384 -[io.netty.buffer.ByteBufUtil] -io.netty.buffer.ByteBufUtil.<clinit>(ByteBufUtil.java:99) 
[DEBUG] 2022-07-28 19:27:32.989 - -Dio.netty.processId: 8956 (auto-detected) -[io.netty.channel.DefaultChannelId] -io.netty.channel.DefaultChannelId.<clinit>(DefaultChannelId.java:79) 
[DEBUG] 2022-07-28 19:27:32.993 - -Djava.net.preferIPv4Stack: false -[io.netty.util.NetUtil] -io.netty.util.NetUtil.<clinit>(NetUtil.java:135) 
[DEBUG] 2022-07-28 19:27:32.996 - -Djava.net.preferIPv6Addresses: false -[io.netty.util.NetUtil] -io.netty.util.NetUtil.<clinit>(NetUtil.java:136) 
[DEBUG] 2022-07-28 19:27:33.291 - Loopback interface: lo (Software Loopback Interface 1, 127.0.0.1) -[io.netty.util.NetUtilInitializations] -io.netty.util.NetUtilInitializations.determineLoopback(NetUtilInitializations.java:129) 
[DEBUG] 2022-07-28 19:27:33.293 - Failed to get SOMAXCONN from sysctl and file \proc\sys\net\core\somaxconn. Default: 200 -[io.netty.util.NetUtil$1] -io.netty.util.NetUtil$1.run(NetUtil.java:187) 
[DEBUG] 2022-07-28 19:27:33.604 - -Dio.netty.machineId: f4:8c:50:ff:fe:a5:e4:2f (auto-detected) -[io.netty.channel.DefaultChannelId] -io.netty.channel.DefaultChannelId.<clinit>(DefaultChannelId.java:101) 
[DEBUG] 2022-07-28 19:27:33.838 - -Dio.netty.buffer.checkAccessible: true -[io.netty.buffer.AbstractByteBuf] -io.netty.buffer.AbstractByteBuf.<clinit>(AbstractByteBuf.java:63) 
[DEBUG] 2022-07-28 19:27:33.838 - -Dio.netty.buffer.checkBounds: true -[io.netty.buffer.AbstractByteBuf] -io.netty.buffer.AbstractByteBuf.<clinit>(AbstractByteBuf.java:64) 
[DEBUG] 2022-07-28 19:27:33.839 - Loaded default ResourceLeakDetector: io.netty.util.ResourceLeakDetector@614fab9 -[io.netty.util.ResourceLeakDetectorFactory$DefaultResourceLeakDetectorFactory] -io.netty.util.ResourceLeakDetectorFactory$DefaultResourceLeakDetectorFactory.newResourceLeakDetector(ResourceLeakDetectorFactory.java:196) 
[DEBUG] 2022-07-28 19:27:33.880 - -Dio.netty.recycler.maxCapacityPerThread: 4096 -[io.netty.util.Recycler] -io.netty.util.Recycler.<clinit>(Recycler.java:85) 
[DEBUG] 2022-07-28 19:27:33.880 - -Dio.netty.recycler.ratio: 8 -[io.netty.util.Recycler] -io.netty.util.Recycler.<clinit>(Recycler.java:86) 
[DEBUG] 2022-07-28 19:27:33.887 - -Dio.netty.recycler.chunkSize: 32 -[io.netty.util.Recycler] -io.netty.util.Recycler.<clinit>(Recycler.java:87) 
[DEBUG] 2022-07-28 19:27:33.888 - -Dio.netty.recycler.blocking: false -[io.netty.util.Recycler] -io.netty.util.Recycler.<clinit>(Recycler.java:88) 
[DEBUG] 2022-07-28 19:27:35.552 - brotli4j not in the classpath; Brotli support will be unavailable. -[io.netty.handler.codec.compression.Brotli] -io.netty.handler.codec.compression.Brotli.<clinit>(Brotli.java:38) 
[DEBUG] 2022-07-28 19:27:35.978 - -Dio.netty.initialSeedUniquifier: 0xc4ac00ce22e6c97b -[io.netty.util.internal.ThreadLocalRandom] -io.netty.util.internal.ThreadLocalRandom.newSeed(ThreadLocalRandom.java:214) 
[INFO] 2022-07-28 19:27:36.172 - chrome 103.0.5060.114 -[step_defs.Hooks] -step_defs.Hooks.setUp(Hooks.java:38) 
[DEBUG] 2022-07-28 19:27:36.198 - Initializing a webdriver for selenium version 4.1.2 -[utilities.drivers.Driver] -utilities.drivers.Driver.getDriver(Driver.java:33) 
[INFO] 2022-07-28 19:27:41.76 - Navigated to https://www.google.com -[step_defs.BasicValidationSteps] -step_defs.BasicValidationSteps.the_user_navigates_to_google(BasicValidationSteps.java:25) 
[INFO] 2022-07-28 19:27:41.81 - Searched for: apple -[step_defs.BasicValidationSteps] -step_defs.BasicValidationSteps.the_user_searches_for(BasicValidationSteps.java:30) 
[INFO] 2022-07-28 19:27:44.598 - Verifying if page title has apple -[step_defs.BasicValidationSteps] -step_defs.BasicValidationSteps.verify_is_in_the_title_of_the_page(BasicValidationSteps.java:36) 
[INFO] 2022-07-28 19:27:44.656 - Closing driver -[utilities.drivers.Driver] -utilities.drivers.Driver.closeDriver(Driver.java:71) 
[DEBUG] 2022-07-28 19:27:45.443 - Initializing a webdriver for selenium version 4.1.2 -[utilities.drivers.Driver] -utilities.drivers.Driver.getDriver(Driver.java:33) 
[INFO] 2022-07-28 19:27:45.443 - Loading chrome browser -[utilities.drivers.Driver] -utilities.drivers.Driver.getDriver(Driver.java:35) 
[INFO] 2022-07-28 19:27:45.444 - Loading Chrome WebDriver -[utilities.drivers.Driver] -utilities.drivers.Driver.getDriver(Driver.java:39) 
[INFO] 2022-07-28 19:27:47.182 - chrome 103.0.5060.114 -[step_defs.Hooks] -step_defs.Hooks.setUp(Hooks.java:38) 
[DEBUG] 2022-07-28 19:27:47.182 - Initializing a webdriver for selenium version 4.1.2 -[utilities.drivers.Driver] -utilities.drivers.Driver.getDriver(Driver.java:33) 
[INFO] 2022-07-28 19:27:49.340 - Navigated to https://www.google.com -[step_defs.BasicValidationSteps] -step_defs.BasicValidationSteps.the_user_navigates_to_google(BasicValidationSteps.java:25) 
[INFO] 2022-07-28 19:27:49.343 - Searched for: cat -[step_defs.BasicValidationSteps] -step_defs.BasicValidationSteps.the_user_searches_for(BasicValidationSteps.java:30) 
[INFO] 2022-07-28 19:27:52.76 - Verifying if page title has dog -[step_defs.BasicValidationSteps] -step_defs.BasicValidationSteps.verify_is_in_the_title_of_the_page(BasicValidationSteps.java:36) 
[DEBUG] 2022-07-28 19:27:52.130 - Initializing a webdriver for selenium version 4.1.2 -[utilities.drivers.Driver] -utilities.drivers.Driver.getDriver(Driver.java:33) 
[INFO] 2022-07-28 19:27:55.681 - Closing driver -[utilities.drivers.Driver] -utilities.drivers.Driver.closeDriver(Driver.java:71) 
[DEBUG] 2022-07-28 19:27:56.407 - Initializing a webdriver for selenium version 4.1.2 -[utilities.drivers.Driver] -utilities.drivers.Driver.getDriver(Driver.java:33) 
[INFO] 2022-07-28 19:27:56.407 - Loading chrome browser -[utilities.drivers.Driver] -utilities.drivers.Driver.getDriver(Driver.java:35) 
[INFO] 2022-07-28 19:27:56.407 - Loading Chrome WebDriver -[utilities.drivers.Driver] -utilities.drivers.Driver.getDriver(Driver.java:39) 
[INFO] 2022-07-28 19:27:57.848 - chrome 103.0.5060.114 -[step_defs.Hooks] -step_defs.Hooks.setUp(Hooks.java:38) 
[DEBUG] 2022-07-28 19:27:57.848 - Initializing a webdriver for selenium version 4.1.2 -[utilities.drivers.Driver] -utilities.drivers.Driver.getDriver(Driver.java:33) 
[INFO] 2022-07-28 19:27:59.400 - Navigated to https://www.google.com -[step_defs.BasicValidationSteps] -step_defs.BasicValidationSteps.the_user_navigates_to_google(BasicValidationSteps.java:25) 
[INFO] 2022-07-28 19:27:59.401 - Searched for: dog -[step_defs.BasicValidationSteps] -step_defs.BasicValidationSteps.the_user_searches_for(BasicValidationSteps.java:30) 
[INFO] 2022-07-28 19:28:02.873 - Verifying if page title has dog -[step_defs.BasicValidationSteps] -step_defs.BasicValidationSteps.verify_is_in_the_title_of_the_page(BasicValidationSteps.java:36) 
[INFO] 2022-07-28 19:28:02.925 - Closing driver -[utilities.drivers.Driver] -utilities.drivers.Driver.closeDriver(Driver.java:71) 
[DEBUG] 2022-07-28 19:28:03.981 - Initializing a webdriver for selenium version 4.1.2 -[utilities.drivers.Driver] -utilities.drivers.Driver.getDriver(Driver.java:33) 
[INFO] 2022-07-28 19:28:03.981 - Loading chrome browser -[utilities.drivers.Driver] -utilities.drivers.Driver.getDriver(Driver.java:35) 
[INFO] 2022-07-28 19:28:03.981 - Loading Chrome WebDriver -[utilities.drivers.Driver] -utilities.drivers.Driver.getDriver(Driver.java:39) 
[INFO] 2022-07-28 19:28:05.523 - chrome 103.0.5060.114 -[step_defs.Hooks] -step_defs.Hooks.setUp(Hooks.java:38) 
[INFO] 2022-07-28 19:28:05.584 - Closing driver -[utilities.drivers.Driver] -utilities.drivers.Driver.closeDriver(Driver.java:71) 
