[DEBUG] 2022-06-15 18:34:53.375 - Initializing a webdriver for selenium version 4.1.2 -[utilities.drivers.Driver] -utilities.drivers.Driver.getDriver(Driver.java:30) 
[INFO] 2022-06-15 18:34:53.382 - Loading chrome browser -[utilities.drivers.Driver] -utilities.drivers.Driver.getDriver(Driver.java:32) 
[INFO] 2022-06-15 18:34:53.382 - Loading Chrome WebDriver -[utilities.drivers.Driver] -utilities.drivers.Driver.getDriver(Driver.java:36) 
[DEBUG] 2022-06-15 18:34:54.248 - Using Log4J2 as the default logging framework -[io.netty.util.internal.logging.InternalLoggerFactory] -io.netty.util.internal.logging.InternalLoggerFactory.useLog4J2LoggerFactory(InternalLoggerFactory.java:76) 
[DEBUG] 2022-06-15 18:34:54.258 - -Dio.netty.leakDetection.level: simple -[io.netty.util.ResourceLeakDetector] -io.netty.util.ResourceLeakDetector.<clinit>(ResourceLeakDetector.java:129) 
[DEBUG] 2022-06-15 18:34:54.259 - -Dio.netty.leakDetection.targetRecords: 4 -[io.netty.util.ResourceLeakDetector] -io.netty.util.ResourceLeakDetector.<clinit>(ResourceLeakDetector.java:130) 
[DEBUG] 2022-06-15 18:34:54.264 - Loaded default ResourceLeakDetector: io.netty.util.ResourceLeakDetector@5fcacc0 -[io.netty.util.ResourceLeakDetectorFactory$DefaultResourceLeakDetectorFactory] -io.netty.util.ResourceLeakDetectorFactory$DefaultResourceLeakDetectorFactory.newResourceLeakDetector(ResourceLeakDetectorFactory.java:196) 
[DEBUG] 2022-06-15 18:34:54.286 - -Dio.netty.noUnsafe: false -[io.netty.util.internal.PlatformDependent0] -io.netty.util.internal.PlatformDependent0.explicitNoUnsafeCause0(PlatformDependent0.java:460) 
[DEBUG] 2022-06-15 18:34:54.286 - Java version: 8 -[io.netty.util.internal.PlatformDependent0] -io.netty.util.internal.PlatformDependent0.javaVersion0(PlatformDependent0.java:954) 
[DEBUG] 2022-06-15 18:34:54.288 - sun.misc.Unsafe.theUnsafe: available -[io.netty.util.internal.PlatformDependent0] -io.netty.util.internal.PlatformDependent0.<clinit>(PlatformDependent0.java:135) 
[DEBUG] 2022-06-15 18:34:54.289 - sun.misc.Unsafe.copyMemory: available -[io.netty.util.internal.PlatformDependent0] -io.netty.util.internal.PlatformDependent0.<clinit>(PlatformDependent0.java:159) 
[DEBUG] 2022-06-15 18:34:54.290 - java.nio.Buffer.address: available -[io.netty.util.internal.PlatformDependent0] -io.netty.util.internal.PlatformDependent0.<clinit>(PlatformDependent0.java:202) 
[DEBUG] 2022-06-15 18:34:54.291 - direct buffer constructor: available -[io.netty.util.internal.PlatformDependent0] -io.netty.util.internal.PlatformDependent0.<clinit>(PlatformDependent0.java:272) 
[DEBUG] 2022-06-15 18:34:54.292 - java.nio.Bits.unaligned: available, true -[io.netty.util.internal.PlatformDependent0] -io.netty.util.internal.PlatformDependent0.<clinit>(PlatformDependent0.java:350) 
[DEBUG] 2022-06-15 18:34:54.292 - jdk.internal.misc.Unsafe.allocateUninitializedArray(int): unavailable prior to Java9 -[io.netty.util.internal.PlatformDependent0] -io.netty.util.internal.PlatformDependent0.<clinit>(PlatformDependent0.java:424) 
[DEBUG] 2022-06-15 18:34:54.293 - java.nio.DirectByteBuffer.<init>(long, int): available -[io.netty.util.internal.PlatformDependent0] -io.netty.util.internal.PlatformDependent0.<clinit>(PlatformDependent0.java:446) 
[DEBUG] 2022-06-15 18:34:54.293 - sun.misc.Unsafe: available -[io.netty.util.internal.PlatformDependent] -io.netty.util.internal.PlatformDependent.unsafeUnavailabilityCause0(PlatformDependent.java:1116) 
[DEBUG] 2022-06-15 18:34:54.294 - -Dio.netty.tmpdir: C:\Users\OLEKSA~1\AppData\Local\Temp (java.io.tmpdir) -[io.netty.util.internal.PlatformDependent] -io.netty.util.internal.PlatformDependent.tmpdir0(PlatformDependent.java:1237) 
[DEBUG] 2022-06-15 18:34:54.294 - -Dio.netty.bitMode: 64 (sun.arch.data.model) -[io.netty.util.internal.PlatformDependent] -io.netty.util.internal.PlatformDependent.bitMode0(PlatformDependent.java:1316) 
[DEBUG] 2022-06-15 18:34:54.295 - Platform: Windows -[io.netty.util.internal.PlatformDependent] -io.netty.util.internal.PlatformDependent.isWindows0(PlatformDependent.java:1076) 
[DEBUG] 2022-06-15 18:34:54.296 - -Dio.netty.maxDirectMemory: 1883242496 bytes -[io.netty.util.internal.PlatformDependent] -io.netty.util.internal.PlatformDependent.<clinit>(PlatformDependent.java:178) 
[DEBUG] 2022-06-15 18:34:54.297 - -Dio.netty.uninitializedArrayAllocationThreshold: -1 -[io.netty.util.internal.PlatformDependent] -io.netty.util.internal.PlatformDependent.<clinit>(PlatformDependent.java:185) 
[DEBUG] 2022-06-15 18:34:54.298 - java.nio.ByteBuffer.cleaner(): available -[io.netty.util.internal.CleanerJava6] -io.netty.util.internal.CleanerJava6.<clinit>(CleanerJava6.java:92) 
[DEBUG] 2022-06-15 18:34:54.299 - -Dio.netty.noPreferDirect: false -[io.netty.util.internal.PlatformDependent] -io.netty.util.internal.PlatformDependent.<clinit>(PlatformDependent.java:205) 
[DEBUG] 2022-06-15 18:34:54.310 - org.jctools-core.MpscChunkedArrayQueue: available -[io.netty.util.internal.PlatformDependent$Mpsc] -io.netty.util.internal.PlatformDependent$Mpsc.<clinit>(PlatformDependent.java:967) 
[DEBUG] 2022-06-15 18:34:54.334 - -Dio.netty.threadLocalMap.stringBuilder.initialSize: 1024 -[io.netty.util.internal.InternalThreadLocalMap] -io.netty.util.internal.InternalThreadLocalMap.<clinit>(InternalThreadLocalMap.java:86) 
[DEBUG] 2022-06-15 18:34:54.334 - -Dio.netty.threadLocalMap.stringBuilder.maxSize: 4096 -[io.netty.util.internal.InternalThreadLocalMap] -io.netty.util.internal.InternalThreadLocalMap.<clinit>(InternalThreadLocalMap.java:89) 
[DEBUG] 2022-06-15 18:34:54.364 - Default protocols (JDK): [TLSv1.2]  -[io.netty.handler.ssl.JdkSslContext] -io.netty.handler.ssl.JdkSslContext.<clinit>(JdkSslContext.java:97) 
[DEBUG] 2022-06-15 18:34:54.365 - Default cipher suites (JDK): [TLS_ECDHE_ECDSA_WITH_AES_256_GCM_SHA384, TLS_ECDHE_ECDSA_WITH_AES_128_GCM_SHA256, TLS_ECDHE_RSA_WITH_AES_128_GCM_SHA256, TLS_ECDHE_RSA_WITH_AES_256_GCM_SHA384, TLS_ECDHE_RSA_WITH_AES_128_CBC_SHA, TLS_ECDHE_RSA_WITH_AES_256_CBC_SHA, TLS_RSA_WITH_AES_128_GCM_SHA256, TLS_RSA_WITH_AES_128_CBC_SHA, TLS_RSA_WITH_AES_256_CBC_SHA, TLS_AES_128_GCM_SHA256, TLS_AES_256_GCM_SHA384] -[io.netty.handler.ssl.JdkSslContext] -io.netty.handler.ssl.JdkSslContext.<clinit>(JdkSslContext.java:98) 
[DEBUG] 2022-06-15 18:34:54.405 - -Dio.netty.eventLoopThreads: 8 -[io.netty.channel.MultithreadEventLoopGroup] -io.netty.channel.MultithreadEventLoopGroup.<clinit>(MultithreadEventLoopGroup.java:44) 
[DEBUG] 2022-06-15 18:34:54.416 - -Dio.netty.noKeySetOptimization: false -[io.netty.channel.nio.NioEventLoop] -io.netty.channel.nio.NioEventLoop.<clinit>(NioEventLoop.java:109) 
[DEBUG] 2022-06-15 18:34:54.417 - -Dio.netty.selectorAutoRebuildThreshold: 512 -[io.netty.channel.nio.NioEventLoop] -io.netty.channel.nio.NioEventLoop.<clinit>(NioEventLoop.java:110) 
[DEBUG] 2022-06-15 18:34:54.469 - -Dio.netty.allocator.numHeapArenas: 8 -[io.netty.buffer.PooledByteBufAllocator] -io.netty.buffer.PooledByteBufAllocator.<clinit>(PooledByteBufAllocator.java:155) 
[DEBUG] 2022-06-15 18:34:54.469 - -Dio.netty.allocator.numDirectArenas: 8 -[io.netty.buffer.PooledByteBufAllocator] -io.netty.buffer.PooledByteBufAllocator.<clinit>(PooledByteBufAllocator.java:156) 
[DEBUG] 2022-06-15 18:34:54.470 - -Dio.netty.allocator.pageSize: 8192 -[io.netty.buffer.PooledByteBufAllocator] -io.netty.buffer.PooledByteBufAllocator.<clinit>(PooledByteBufAllocator.java:158) 
[DEBUG] 2022-06-15 18:34:54.470 - -Dio.netty.allocator.maxOrder: 11 -[io.netty.buffer.PooledByteBufAllocator] -io.netty.buffer.PooledByteBufAllocator.<clinit>(PooledByteBufAllocator.java:163) 
[DEBUG] 2022-06-15 18:34:54.470 - -Dio.netty.allocator.chunkSize: 16777216 -[io.netty.buffer.PooledByteBufAllocator] -io.netty.buffer.PooledByteBufAllocator.<clinit>(PooledByteBufAllocator.java:167) 
[DEBUG] 2022-06-15 18:34:54.471 - -Dio.netty.allocator.smallCacheSize: 256 -[io.netty.buffer.PooledByteBufAllocator] -io.netty.buffer.PooledByteBufAllocator.<clinit>(PooledByteBufAllocator.java:168) 
[DEBUG] 2022-06-15 18:34:54.472 - -Dio.netty.allocator.normalCacheSize: 64 -[io.netty.buffer.PooledByteBufAllocator] -io.netty.buffer.PooledByteBufAllocator.<clinit>(PooledByteBufAllocator.java:169) 
[DEBUG] 2022-06-15 18:34:54.472 - -Dio.netty.allocator.maxCachedBufferCapacity: 32768 -[io.netty.buffer.PooledByteBufAllocator] -io.netty.buffer.PooledByteBufAllocator.<clinit>(PooledByteBufAllocator.java:170) 
[DEBUG] 2022-06-15 18:34:54.473 - -Dio.netty.allocator.cacheTrimInterval: 8192 -[io.netty.buffer.PooledByteBufAllocator] -io.netty.buffer.PooledByteBufAllocator.<clinit>(PooledByteBufAllocator.java:171) 
[DEBUG] 2022-06-15 18:34:54.474 - -Dio.netty.allocator.cacheTrimIntervalMillis: 0 -[io.netty.buffer.PooledByteBufAllocator] -io.netty.buffer.PooledByteBufAllocator.<clinit>(PooledByteBufAllocator.java:172) 
[DEBUG] 2022-06-15 18:34:54.474 - -Dio.netty.allocator.useCacheForAllThreads: true -[io.netty.buffer.PooledByteBufAllocator] -io.netty.buffer.PooledByteBufAllocator.<clinit>(PooledByteBufAllocator.java:173) 
[DEBUG] 2022-06-15 18:34:54.475 - -Dio.netty.allocator.maxCachedByteBuffersPerChunk: 1023 -[io.netty.buffer.PooledByteBufAllocator] -io.netty.buffer.PooledByteBufAllocator.<clinit>(PooledByteBufAllocator.java:174) 
[DEBUG] 2022-06-15 18:34:54.488 - -Dio.netty.allocator.type: pooled -[io.netty.buffer.ByteBufUtil] -io.netty.buffer.ByteBufUtil.<clinit>(ByteBufUtil.java:87) 
[DEBUG] 2022-06-15 18:34:54.488 - -Dio.netty.threadLocalDirectBufferSize: 0 -[io.netty.buffer.ByteBufUtil] -io.netty.buffer.ByteBufUtil.<clinit>(ByteBufUtil.java:96) 
[DEBUG] 2022-06-15 18:34:54.489 - -Dio.netty.maxThreadLocalCharBufferSize: 16384 -[io.netty.buffer.ByteBufUtil] -io.netty.buffer.ByteBufUtil.<clinit>(ByteBufUtil.java:99) 
[DEBUG] 2022-06-15 18:34:55.346 - -Dio.netty.processId: 27588 (auto-detected) -[io.netty.channel.DefaultChannelId] -io.netty.channel.DefaultChannelId.<clinit>(DefaultChannelId.java:79) 
[DEBUG] 2022-06-15 18:34:55.349 - -Djava.net.preferIPv4Stack: false -[io.netty.util.NetUtil] -io.netty.util.NetUtil.<clinit>(NetUtil.java:135) 
[DEBUG] 2022-06-15 18:34:55.350 - -Djava.net.preferIPv6Addresses: false -[io.netty.util.NetUtil] -io.netty.util.NetUtil.<clinit>(NetUtil.java:136) 
[DEBUG] 2022-06-15 18:34:55.524 - Loopback interface: lo (Software Loopback Interface 1, 127.0.0.1) -[io.netty.util.NetUtilInitializations] -io.netty.util.NetUtilInitializations.determineLoopback(NetUtilInitializations.java:129) 
[DEBUG] 2022-06-15 18:34:55.526 - Failed to get SOMAXCONN from sysctl and file \proc\sys\net\core\somaxconn. Default: 200 -[io.netty.util.NetUtil$1] -io.netty.util.NetUtil$1.run(NetUtil.java:187) 
[DEBUG] 2022-06-15 18:34:55.698 - -Dio.netty.machineId: f4:8c:50:ff:fe:a5:e4:2f (auto-detected) -[io.netty.channel.DefaultChannelId] -io.netty.channel.DefaultChannelId.<clinit>(DefaultChannelId.java:101) 
[DEBUG] 2022-06-15 18:34:55.772 - -Dio.netty.buffer.checkAccessible: true -[io.netty.buffer.AbstractByteBuf] -io.netty.buffer.AbstractByteBuf.<clinit>(AbstractByteBuf.java:63) 
[DEBUG] 2022-06-15 18:34:55.773 - -Dio.netty.buffer.checkBounds: true -[io.netty.buffer.AbstractByteBuf] -io.netty.buffer.AbstractByteBuf.<clinit>(AbstractByteBuf.java:64) 
[DEBUG] 2022-06-15 18:34:55.773 - Loaded default ResourceLeakDetector: io.netty.util.ResourceLeakDetector@e8b4401 -[io.netty.util.ResourceLeakDetectorFactory$DefaultResourceLeakDetectorFactory] -io.netty.util.ResourceLeakDetectorFactory$DefaultResourceLeakDetectorFactory.newResourceLeakDetector(ResourceLeakDetectorFactory.java:196) 
[DEBUG] 2022-06-15 18:34:55.807 - -Dio.netty.recycler.maxCapacityPerThread: 4096 -[io.netty.util.Recycler] -io.netty.util.Recycler.<clinit>(Recycler.java:85) 
[DEBUG] 2022-06-15 18:34:55.808 - -Dio.netty.recycler.ratio: 8 -[io.netty.util.Recycler] -io.netty.util.Recycler.<clinit>(Recycler.java:86) 
[DEBUG] 2022-06-15 18:34:55.808 - -Dio.netty.recycler.chunkSize: 32 -[io.netty.util.Recycler] -io.netty.util.Recycler.<clinit>(Recycler.java:87) 
[DEBUG] 2022-06-15 18:34:55.809 - -Dio.netty.recycler.blocking: false -[io.netty.util.Recycler] -io.netty.util.Recycler.<clinit>(Recycler.java:88) 
[DEBUG] 2022-06-15 18:34:56.406 - brotli4j not in the classpath; Brotli support will be unavailable. -[io.netty.handler.codec.compression.Brotli] -io.netty.handler.codec.compression.Brotli.<clinit>(Brotli.java:38) 
[DEBUG] 2022-06-15 18:34:56.558 - -Dio.netty.initialSeedUniquifier: 0x26b53e54f39d1b04 -[io.netty.util.internal.ThreadLocalRandom] -io.netty.util.internal.ThreadLocalRandom.newSeed(ThreadLocalRandom.java:214) 
[INFO] 2022-06-15 18:34:57.814 - Navigated to https://www.google.com -[step_defs.BasicValidationSteps] -step_defs.BasicValidationSteps.the_user_navigates_to_google(BasicValidationSteps.java:22) 
[INFO] 2022-06-15 18:34:57.817 - Searched for: apple -[step_defs.BasicValidationSteps] -step_defs.BasicValidationSteps.the_user_searches_for(BasicValidationSteps.java:27) 
[INFO] 2022-06-15 18:35:00.448 - Verifying if page title has apple -[step_defs.BasicValidationSteps] -step_defs.BasicValidationSteps.verify_is_in_the_title_of_the_page(BasicValidationSteps.java:33) 
[INFO] 2022-06-15 18:35:00.465 - Closing driver -[utilities.drivers.Driver] -utilities.drivers.Driver.closeDriver(Driver.java:67) 
[DEBUG] 2022-06-15 18:35:01.135 - Initializing a webdriver for selenium version 4.1.2 -[utilities.drivers.Driver] -utilities.drivers.Driver.getDriver(Driver.java:30) 
[INFO] 2022-06-15 18:35:01.136 - Loading chrome browser -[utilities.drivers.Driver] -utilities.drivers.Driver.getDriver(Driver.java:32) 
[INFO] 2022-06-15 18:35:01.136 - Loading Chrome WebDriver -[utilities.drivers.Driver] -utilities.drivers.Driver.getDriver(Driver.java:36) 
[INFO] 2022-06-15 18:35:03.488 - Navigated to https://www.google.com -[step_defs.BasicValidationSteps] -step_defs.BasicValidationSteps.the_user_navigates_to_google(BasicValidationSteps.java:22) 
[INFO] 2022-06-15 18:35:03.489 - Searched for: cat -[step_defs.BasicValidationSteps] -step_defs.BasicValidationSteps.the_user_searches_for(BasicValidationSteps.java:27) 
[INFO] 2022-06-15 18:35:06.201 - Verifying if page title has cat -[step_defs.BasicValidationSteps] -step_defs.BasicValidationSteps.verify_is_in_the_title_of_the_page(BasicValidationSteps.java:33) 
[INFO] 2022-06-15 18:35:06.215 - Closing driver -[utilities.drivers.Driver] -utilities.drivers.Driver.closeDriver(Driver.java:67) 
[DEBUG] 2022-06-15 18:36:33.623 - Initializing a webdriver for selenium version 4.1.2 -[utilities.drivers.Driver] -utilities.drivers.Driver.getDriver(Driver.java:30) 
[INFO] 2022-06-15 18:36:33.636 - Loading chrome browser -[utilities.drivers.Driver] -utilities.drivers.Driver.getDriver(Driver.java:32) 
[INFO] 2022-06-15 18:36:33.637 - Loading Chrome WebDriver -[utilities.drivers.Driver] -utilities.drivers.Driver.getDriver(Driver.java:36) 
[DEBUG] 2022-06-15 18:36:34.888 - Using Log4J2 as the default logging framework -[io.netty.util.internal.logging.InternalLoggerFactory] -io.netty.util.internal.logging.InternalLoggerFactory.useLog4J2LoggerFactory(InternalLoggerFactory.java:76) 
[DEBUG] 2022-06-15 18:36:34.898 - -Dio.netty.leakDetection.level: simple -[io.netty.util.ResourceLeakDetector] -io.netty.util.ResourceLeakDetector.<clinit>(ResourceLeakDetector.java:129) 
[DEBUG] 2022-06-15 18:36:34.899 - -Dio.netty.leakDetection.targetRecords: 4 -[io.netty.util.ResourceLeakDetector] -io.netty.util.ResourceLeakDetector.<clinit>(ResourceLeakDetector.java:130) 
[DEBUG] 2022-06-15 18:36:34.909 - Loaded default ResourceLeakDetector: io.netty.util.ResourceLeakDetector@7061c36d -[io.netty.util.ResourceLeakDetectorFactory$DefaultResourceLeakDetectorFactory] -io.netty.util.ResourceLeakDetectorFactory$DefaultResourceLeakDetectorFactory.newResourceLeakDetector(ResourceLeakDetectorFactory.java:196) 
[DEBUG] 2022-06-15 18:36:34.944 - -Dio.netty.noUnsafe: false -[io.netty.util.internal.PlatformDependent0] -io.netty.util.internal.PlatformDependent0.explicitNoUnsafeCause0(PlatformDependent0.java:460) 
[DEBUG] 2022-06-15 18:36:34.945 - Java version: 8 -[io.netty.util.internal.PlatformDependent0] -io.netty.util.internal.PlatformDependent0.javaVersion0(PlatformDependent0.java:954) 
[DEBUG] 2022-06-15 18:36:34.946 - sun.misc.Unsafe.theUnsafe: available -[io.netty.util.internal.PlatformDependent0] -io.netty.util.internal.PlatformDependent0.<clinit>(PlatformDependent0.java:135) 
[DEBUG] 2022-06-15 18:36:34.947 - sun.misc.Unsafe.copyMemory: available -[io.netty.util.internal.PlatformDependent0] -io.netty.util.internal.PlatformDependent0.<clinit>(PlatformDependent0.java:159) 
[DEBUG] 2022-06-15 18:36:34.948 - java.nio.Buffer.address: available -[io.netty.util.internal.PlatformDependent0] -io.netty.util.internal.PlatformDependent0.<clinit>(PlatformDependent0.java:202) 
[DEBUG] 2022-06-15 18:36:34.949 - direct buffer constructor: available -[io.netty.util.internal.PlatformDependent0] -io.netty.util.internal.PlatformDependent0.<clinit>(PlatformDependent0.java:272) 
[DEBUG] 2022-06-15 18:36:34.951 - java.nio.Bits.unaligned: available, true -[io.netty.util.internal.PlatformDependent0] -io.netty.util.internal.PlatformDependent0.<clinit>(PlatformDependent0.java:350) 
[DEBUG] 2022-06-15 18:36:34.952 - jdk.internal.misc.Unsafe.allocateUninitializedArray(int): unavailable prior to Java9 -[io.netty.util.internal.PlatformDependent0] -io.netty.util.internal.PlatformDependent0.<clinit>(PlatformDependent0.java:424) 
[DEBUG] 2022-06-15 18:36:34.952 - java.nio.DirectByteBuffer.<init>(long, int): available -[io.netty.util.internal.PlatformDependent0] -io.netty.util.internal.PlatformDependent0.<clinit>(PlatformDependent0.java:446) 
[DEBUG] 2022-06-15 18:36:34.952 - sun.misc.Unsafe: available -[io.netty.util.internal.PlatformDependent] -io.netty.util.internal.PlatformDependent.unsafeUnavailabilityCause0(PlatformDependent.java:1116) 
[DEBUG] 2022-06-15 18:36:34.954 - -Dio.netty.tmpdir: C:\Users\OLEKSA~1\AppData\Local\Temp (java.io.tmpdir) -[io.netty.util.internal.PlatformDependent] -io.netty.util.internal.PlatformDependent.tmpdir0(PlatformDependent.java:1237) 
[DEBUG] 2022-06-15 18:36:34.955 - -Dio.netty.bitMode: 64 (sun.arch.data.model) -[io.netty.util.internal.PlatformDependent] -io.netty.util.internal.PlatformDependent.bitMode0(PlatformDependent.java:1316) 
[DEBUG] 2022-06-15 18:36:34.956 - Platform: Windows -[io.netty.util.internal.PlatformDependent] -io.netty.util.internal.PlatformDependent.isWindows0(PlatformDependent.java:1076) 
[DEBUG] 2022-06-15 18:36:34.958 - -Dio.netty.maxDirectMemory: 1883242496 bytes -[io.netty.util.internal.PlatformDependent] -io.netty.util.internal.PlatformDependent.<clinit>(PlatformDependent.java:178) 
[DEBUG] 2022-06-15 18:36:34.959 - -Dio.netty.uninitializedArrayAllocationThreshold: -1 -[io.netty.util.internal.PlatformDependent] -io.netty.util.internal.PlatformDependent.<clinit>(PlatformDependent.java:185) 
[DEBUG] 2022-06-15 18:36:34.961 - java.nio.ByteBuffer.cleaner(): available -[io.netty.util.internal.CleanerJava6] -io.netty.util.internal.CleanerJava6.<clinit>(CleanerJava6.java:92) 
[DEBUG] 2022-06-15 18:36:34.962 - -Dio.netty.noPreferDirect: false -[io.netty.util.internal.PlatformDependent] -io.netty.util.internal.PlatformDependent.<clinit>(PlatformDependent.java:205) 
[DEBUG] 2022-06-15 18:36:34.976 - org.jctools-core.MpscChunkedArrayQueue: available -[io.netty.util.internal.PlatformDependent$Mpsc] -io.netty.util.internal.PlatformDependent$Mpsc.<clinit>(PlatformDependent.java:967) 
[DEBUG] 2022-06-15 18:36:35.13 - -Dio.netty.threadLocalMap.stringBuilder.initialSize: 1024 -[io.netty.util.internal.InternalThreadLocalMap] -io.netty.util.internal.InternalThreadLocalMap.<clinit>(InternalThreadLocalMap.java:86) 
[DEBUG] 2022-06-15 18:36:35.14 - -Dio.netty.threadLocalMap.stringBuilder.maxSize: 4096 -[io.netty.util.internal.InternalThreadLocalMap] -io.netty.util.internal.InternalThreadLocalMap.<clinit>(InternalThreadLocalMap.java:89) 
[DEBUG] 2022-06-15 18:36:35.52 - Default protocols (JDK): [TLSv1.2]  -[io.netty.handler.ssl.JdkSslContext] -io.netty.handler.ssl.JdkSslContext.<clinit>(JdkSslContext.java:97) 
[DEBUG] 2022-06-15 18:36:35.54 - Default cipher suites (JDK): [TLS_ECDHE_ECDSA_WITH_AES_256_GCM_SHA384, TLS_ECDHE_ECDSA_WITH_AES_128_GCM_SHA256, TLS_ECDHE_RSA_WITH_AES_128_GCM_SHA256, TLS_ECDHE_RSA_WITH_AES_256_GCM_SHA384, TLS_ECDHE_RSA_WITH_AES_128_CBC_SHA, TLS_ECDHE_RSA_WITH_AES_256_CBC_SHA, TLS_RSA_WITH_AES_128_GCM_SHA256, TLS_RSA_WITH_AES_128_CBC_SHA, TLS_RSA_WITH_AES_256_CBC_SHA, TLS_AES_128_GCM_SHA256, TLS_AES_256_GCM_SHA384] -[io.netty.handler.ssl.JdkSslContext] -io.netty.handler.ssl.JdkSslContext.<clinit>(JdkSslContext.java:98) 
[DEBUG] 2022-06-15 18:36:35.125 - -Dio.netty.eventLoopThreads: 8 -[io.netty.channel.MultithreadEventLoopGroup] -io.netty.channel.MultithreadEventLoopGroup.<clinit>(MultithreadEventLoopGroup.java:44) 
[DEBUG] 2022-06-15 18:36:35.143 - -Dio.netty.noKeySetOptimization: false -[io.netty.channel.nio.NioEventLoop] -io.netty.channel.nio.NioEventLoop.<clinit>(NioEventLoop.java:109) 
[DEBUG] 2022-06-15 18:36:35.144 - -Dio.netty.selectorAutoRebuildThreshold: 512 -[io.netty.channel.nio.NioEventLoop] -io.netty.channel.nio.NioEventLoop.<clinit>(NioEventLoop.java:110) 
[DEBUG] 2022-06-15 18:36:35.211 - -Dio.netty.allocator.numHeapArenas: 8 -[io.netty.buffer.PooledByteBufAllocator] -io.netty.buffer.PooledByteBufAllocator.<clinit>(PooledByteBufAllocator.java:155) 
[DEBUG] 2022-06-15 18:36:35.211 - -Dio.netty.allocator.numDirectArenas: 8 -[io.netty.buffer.PooledByteBufAllocator] -io.netty.buffer.PooledByteBufAllocator.<clinit>(PooledByteBufAllocator.java:156) 
[DEBUG] 2022-06-15 18:36:35.212 - -Dio.netty.allocator.pageSize: 8192 -[io.netty.buffer.PooledByteBufAllocator] -io.netty.buffer.PooledByteBufAllocator.<clinit>(PooledByteBufAllocator.java:158) 
[DEBUG] 2022-06-15 18:36:35.212 - -Dio.netty.allocator.maxOrder: 11 -[io.netty.buffer.PooledByteBufAllocator] -io.netty.buffer.PooledByteBufAllocator.<clinit>(PooledByteBufAllocator.java:163) 
[DEBUG] 2022-06-15 18:36:35.212 - -Dio.netty.allocator.chunkSize: 16777216 -[io.netty.buffer.PooledByteBufAllocator] -io.netty.buffer.PooledByteBufAllocator.<clinit>(PooledByteBufAllocator.java:167) 
[DEBUG] 2022-06-15 18:36:35.213 - -Dio.netty.allocator.smallCacheSize: 256 -[io.netty.buffer.PooledByteBufAllocator] -io.netty.buffer.PooledByteBufAllocator.<clinit>(PooledByteBufAllocator.java:168) 
[DEBUG] 2022-06-15 18:36:35.213 - -Dio.netty.allocator.normalCacheSize: 64 -[io.netty.buffer.PooledByteBufAllocator] -io.netty.buffer.PooledByteBufAllocator.<clinit>(PooledByteBufAllocator.java:169) 
[DEBUG] 2022-06-15 18:36:35.214 - -Dio.netty.allocator.maxCachedBufferCapacity: 32768 -[io.netty.buffer.PooledByteBufAllocator] -io.netty.buffer.PooledByteBufAllocator.<clinit>(PooledByteBufAllocator.java:170) 
[DEBUG] 2022-06-15 18:36:35.215 - -Dio.netty.allocator.cacheTrimInterval: 8192 -[io.netty.buffer.PooledByteBufAllocator] -io.netty.buffer.PooledByteBufAllocator.<clinit>(PooledByteBufAllocator.java:171) 
[DEBUG] 2022-06-15 18:36:35.215 - -Dio.netty.allocator.cacheTrimIntervalMillis: 0 -[io.netty.buffer.PooledByteBufAllocator] -io.netty.buffer.PooledByteBufAllocator.<clinit>(PooledByteBufAllocator.java:172) 
[DEBUG] 2022-06-15 18:36:35.216 - -Dio.netty.allocator.useCacheForAllThreads: true -[io.netty.buffer.PooledByteBufAllocator] -io.netty.buffer.PooledByteBufAllocator.<clinit>(PooledByteBufAllocator.java:173) 
[DEBUG] 2022-06-15 18:36:35.216 - -Dio.netty.allocator.maxCachedByteBuffersPerChunk: 1023 -[io.netty.buffer.PooledByteBufAllocator] -io.netty.buffer.PooledByteBufAllocator.<clinit>(PooledByteBufAllocator.java:174) 
[DEBUG] 2022-06-15 18:36:35.233 - -Dio.netty.allocator.type: pooled -[io.netty.buffer.ByteBufUtil] -io.netty.buffer.ByteBufUtil.<clinit>(ByteBufUtil.java:87) 
[DEBUG] 2022-06-15 18:36:35.234 - -Dio.netty.threadLocalDirectBufferSize: 0 -[io.netty.buffer.ByteBufUtil] -io.netty.buffer.ByteBufUtil.<clinit>(ByteBufUtil.java:96) 
[DEBUG] 2022-06-15 18:36:35.234 - -Dio.netty.maxThreadLocalCharBufferSize: 16384 -[io.netty.buffer.ByteBufUtil] -io.netty.buffer.ByteBufUtil.<clinit>(ByteBufUtil.java:99) 
[DEBUG] 2022-06-15 18:36:36.258 - -Dio.netty.processId: 5728 (auto-detected) -[io.netty.channel.DefaultChannelId] -io.netty.channel.DefaultChannelId.<clinit>(DefaultChannelId.java:79) 
[DEBUG] 2022-06-15 18:36:36.262 - -Djava.net.preferIPv4Stack: false -[io.netty.util.NetUtil] -io.netty.util.NetUtil.<clinit>(NetUtil.java:135) 
[DEBUG] 2022-06-15 18:36:36.263 - -Djava.net.preferIPv6Addresses: false -[io.netty.util.NetUtil] -io.netty.util.NetUtil.<clinit>(NetUtil.java:136) 
[DEBUG] 2022-06-15 18:36:36.448 - Loopback interface: lo (Software Loopback Interface 1, 127.0.0.1) -[io.netty.util.NetUtilInitializations] -io.netty.util.NetUtilInitializations.determineLoopback(NetUtilInitializations.java:129) 
[DEBUG] 2022-06-15 18:36:36.450 - Failed to get SOMAXCONN from sysctl and file \proc\sys\net\core\somaxconn. Default: 200 -[io.netty.util.NetUtil$1] -io.netty.util.NetUtil$1.run(NetUtil.java:187) 
[DEBUG] 2022-06-15 18:36:36.676 - -Dio.netty.machineId: f4:8c:50:ff:fe:a5:e4:2f (auto-detected) -[io.netty.channel.DefaultChannelId] -io.netty.channel.DefaultChannelId.<clinit>(DefaultChannelId.java:101) 
[DEBUG] 2022-06-15 18:36:36.864 - -Dio.netty.buffer.checkAccessible: true -[io.netty.buffer.AbstractByteBuf] -io.netty.buffer.AbstractByteBuf.<clinit>(AbstractByteBuf.java:63) 
[DEBUG] 2022-06-15 18:36:36.865 - -Dio.netty.buffer.checkBounds: true -[io.netty.buffer.AbstractByteBuf] -io.netty.buffer.AbstractByteBuf.<clinit>(AbstractByteBuf.java:64) 
[DEBUG] 2022-06-15 18:36:36.865 - Loaded default ResourceLeakDetector: io.netty.util.ResourceLeakDetector@aee94a0 -[io.netty.util.ResourceLeakDetectorFactory$DefaultResourceLeakDetectorFactory] -io.netty.util.ResourceLeakDetectorFactory$DefaultResourceLeakDetectorFactory.newResourceLeakDetector(ResourceLeakDetectorFactory.java:196) 
[DEBUG] 2022-06-15 18:36:36.900 - -Dio.netty.recycler.maxCapacityPerThread: 4096 -[io.netty.util.Recycler] -io.netty.util.Recycler.<clinit>(Recycler.java:85) 
[DEBUG] 2022-06-15 18:36:36.900 - -Dio.netty.recycler.ratio: 8 -[io.netty.util.Recycler] -io.netty.util.Recycler.<clinit>(Recycler.java:86) 
[DEBUG] 2022-06-15 18:36:36.901 - -Dio.netty.recycler.chunkSize: 32 -[io.netty.util.Recycler] -io.netty.util.Recycler.<clinit>(Recycler.java:87) 
[DEBUG] 2022-06-15 18:36:36.901 - -Dio.netty.recycler.blocking: false -[io.netty.util.Recycler] -io.netty.util.Recycler.<clinit>(Recycler.java:88) 
[DEBUG] 2022-06-15 18:36:37.931 - brotli4j not in the classpath; Brotli support will be unavailable. -[io.netty.handler.codec.compression.Brotli] -io.netty.handler.codec.compression.Brotli.<clinit>(Brotli.java:38) 
[DEBUG] 2022-06-15 18:36:38.91 - -Dio.netty.initialSeedUniquifier: 0xe95fc4a8a339692e -[io.netty.util.internal.ThreadLocalRandom] -io.netty.util.internal.ThreadLocalRandom.newSeed(ThreadLocalRandom.java:214) 
[INFO] 2022-06-15 18:36:39.310 - Navigated to https://www.google.com -[step_defs.BasicValidationSteps] -step_defs.BasicValidationSteps.the_user_navigates_to_google(BasicValidationSteps.java:22) 
[INFO] 2022-06-15 18:36:39.312 - Searched for: apple -[step_defs.BasicValidationSteps] -step_defs.BasicValidationSteps.the_user_searches_for(BasicValidationSteps.java:27) 
[INFO] 2022-06-15 18:36:48.492 - Verifying if page title has apple -[step_defs.BasicValidationSteps] -step_defs.BasicValidationSteps.verify_is_in_the_title_of_the_page(BasicValidationSteps.java:33) 
[INFO] 2022-06-15 18:36:48.541 - Closing driver -[utilities.drivers.Driver] -utilities.drivers.Driver.closeDriver(Driver.java:67) 
[DEBUG] 2022-06-15 18:36:49.385 - Initializing a webdriver for selenium version 4.1.2 -[utilities.drivers.Driver] -utilities.drivers.Driver.getDriver(Driver.java:30) 
[INFO] 2022-06-15 18:36:49.386 - Loading chrome browser -[utilities.drivers.Driver] -utilities.drivers.Driver.getDriver(Driver.java:32) 
[INFO] 2022-06-15 18:36:49.386 - Loading Chrome WebDriver -[utilities.drivers.Driver] -utilities.drivers.Driver.getDriver(Driver.java:36) 
[INFO] 2022-06-15 18:36:52.398 - Navigated to https://www.google.com -[step_defs.BasicValidationSteps] -step_defs.BasicValidationSteps.the_user_navigates_to_google(BasicValidationSteps.java:22) 
[INFO] 2022-06-15 18:36:52.400 - Searched for: cat -[step_defs.BasicValidationSteps] -step_defs.BasicValidationSteps.the_user_searches_for(BasicValidationSteps.java:27) 
[INFO] 2022-06-15 18:36:55.549 - Verifying if page title has cat -[step_defs.BasicValidationSteps] -step_defs.BasicValidationSteps.verify_is_in_the_title_of_the_page(BasicValidationSteps.java:33) 
[INFO] 2022-06-15 18:36:55.605 - Closing driver -[utilities.drivers.Driver] -utilities.drivers.Driver.closeDriver(Driver.java:67) 
[DEBUG] 2022-06-15 18:36:56.407 - Initializing a webdriver for selenium version 4.1.2 -[utilities.drivers.Driver] -utilities.drivers.Driver.getDriver(Driver.java:30) 
[INFO] 2022-06-15 18:36:56.407 - Loading chrome browser -[utilities.drivers.Driver] -utilities.drivers.Driver.getDriver(Driver.java:32) 
[INFO] 2022-06-15 18:36:56.408 - Loading Chrome WebDriver -[utilities.drivers.Driver] -utilities.drivers.Driver.getDriver(Driver.java:36) 
[INFO] 2022-06-15 18:36:59.752 - Navigated to https://www.google.com -[step_defs.BasicValidationSteps] -step_defs.BasicValidationSteps.the_user_navigates_to_google(BasicValidationSteps.java:22) 
[INFO] 2022-06-15 18:36:59.753 - Searched for: dog -[step_defs.BasicValidationSteps] -step_defs.BasicValidationSteps.the_user_searches_for(BasicValidationSteps.java:27) 
[INFO] 2022-06-15 18:37:02.222 - Verifying if page title has dog -[step_defs.BasicValidationSteps] -step_defs.BasicValidationSteps.verify_is_in_the_title_of_the_page(BasicValidationSteps.java:33) 
[INFO] 2022-06-15 18:37:02.232 - Closing driver -[utilities.drivers.Driver] -utilities.drivers.Driver.closeDriver(Driver.java:67) 
[INFO] 2022-06-15 18:48:58.989 - Parallel class -[step_defs.Parallel] -step_defs.Parallel.parallelTest(Parallel.java:13) 
[DEBUG] 2022-06-15 18:49:00.400 - Using Log4J2 as the default logging framework -[io.netty.util.internal.logging.InternalLoggerFactory] -io.netty.util.internal.logging.InternalLoggerFactory.useLog4J2LoggerFactory(InternalLoggerFactory.java:76) 
[DEBUG] 2022-06-15 18:49:00.416 - -Dio.netty.leakDetection.level: simple -[io.netty.util.ResourceLeakDetector] -io.netty.util.ResourceLeakDetector.<clinit>(ResourceLeakDetector.java:129) 
[DEBUG] 2022-06-15 18:49:00.417 - -Dio.netty.leakDetection.targetRecords: 4 -[io.netty.util.ResourceLeakDetector] -io.netty.util.ResourceLeakDetector.<clinit>(ResourceLeakDetector.java:130) 
[DEBUG] 2022-06-15 18:49:00.432 - Loaded default ResourceLeakDetector: io.netty.util.ResourceLeakDetector@48211133 -[io.netty.util.ResourceLeakDetectorFactory$DefaultResourceLeakDetectorFactory] -io.netty.util.ResourceLeakDetectorFactory$DefaultResourceLeakDetectorFactory.newResourceLeakDetector(ResourceLeakDetectorFactory.java:196) 
[DEBUG] 2022-06-15 18:49:00.487 - -Dio.netty.noUnsafe: false -[io.netty.util.internal.PlatformDependent0] -io.netty.util.internal.PlatformDependent0.explicitNoUnsafeCause0(PlatformDependent0.java:460) 
[DEBUG] 2022-06-15 18:49:00.488 - Java version: 8 -[io.netty.util.internal.PlatformDependent0] -io.netty.util.internal.PlatformDependent0.javaVersion0(PlatformDependent0.java:954) 
[DEBUG] 2022-06-15 18:49:00.490 - sun.misc.Unsafe.theUnsafe: available -[io.netty.util.internal.PlatformDependent0] -io.netty.util.internal.PlatformDependent0.<clinit>(PlatformDependent0.java:135) 
[DEBUG] 2022-06-15 18:49:00.492 - sun.misc.Unsafe.copyMemory: available -[io.netty.util.internal.PlatformDependent0] -io.netty.util.internal.PlatformDependent0.<clinit>(PlatformDependent0.java:159) 
[DEBUG] 2022-06-15 18:49:00.493 - java.nio.Buffer.address: available -[io.netty.util.internal.PlatformDependent0] -io.netty.util.internal.PlatformDependent0.<clinit>(PlatformDependent0.java:202) 
[DEBUG] 2022-06-15 18:49:00.497 - direct buffer constructor: available -[io.netty.util.internal.PlatformDependent0] -io.netty.util.internal.PlatformDependent0.<clinit>(PlatformDependent0.java:272) 
[DEBUG] 2022-06-15 18:49:00.500 - java.nio.Bits.unaligned: available, true -[io.netty.util.internal.PlatformDependent0] -io.netty.util.internal.PlatformDependent0.<clinit>(PlatformDependent0.java:350) 
[DEBUG] 2022-06-15 18:49:00.501 - jdk.internal.misc.Unsafe.allocateUninitializedArray(int): unavailable prior to Java9 -[io.netty.util.internal.PlatformDependent0] -io.netty.util.internal.PlatformDependent0.<clinit>(PlatformDependent0.java:424) 
[DEBUG] 2022-06-15 18:49:00.502 - java.nio.DirectByteBuffer.<init>(long, int): available -[io.netty.util.internal.PlatformDependent0] -io.netty.util.internal.PlatformDependent0.<clinit>(PlatformDependent0.java:446) 
[DEBUG] 2022-06-15 18:49:00.504 - sun.misc.Unsafe: available -[io.netty.util.internal.PlatformDependent] -io.netty.util.internal.PlatformDependent.unsafeUnavailabilityCause0(PlatformDependent.java:1116) 
[DEBUG] 2022-06-15 18:49:00.506 - -Dio.netty.tmpdir: C:\Users\OLEKSA~1\AppData\Local\Temp (java.io.tmpdir) -[io.netty.util.internal.PlatformDependent] -io.netty.util.internal.PlatformDependent.tmpdir0(PlatformDependent.java:1237) 
[DEBUG] 2022-06-15 18:49:00.507 - -Dio.netty.bitMode: 64 (sun.arch.data.model) -[io.netty.util.internal.PlatformDependent] -io.netty.util.internal.PlatformDependent.bitMode0(PlatformDependent.java:1316) 
[DEBUG] 2022-06-15 18:49:00.508 - Platform: Windows -[io.netty.util.internal.PlatformDependent] -io.netty.util.internal.PlatformDependent.isWindows0(PlatformDependent.java:1076) 
[DEBUG] 2022-06-15 18:49:00.513 - -Dio.netty.maxDirectMemory: 1883242496 bytes -[io.netty.util.internal.PlatformDependent] -io.netty.util.internal.PlatformDependent.<clinit>(PlatformDependent.java:178) 
[DEBUG] 2022-06-15 18:49:00.515 - -Dio.netty.uninitializedArrayAllocationThreshold: -1 -[io.netty.util.internal.PlatformDependent] -io.netty.util.internal.PlatformDependent.<clinit>(PlatformDependent.java:185) 
[DEBUG] 2022-06-15 18:49:00.519 - java.nio.ByteBuffer.cleaner(): available -[io.netty.util.internal.CleanerJava6] -io.netty.util.internal.CleanerJava6.<clinit>(CleanerJava6.java:92) 
[DEBUG] 2022-06-15 18:49:00.520 - -Dio.netty.noPreferDirect: false -[io.netty.util.internal.PlatformDependent] -io.netty.util.internal.PlatformDependent.<clinit>(PlatformDependent.java:205) 
[DEBUG] 2022-06-15 18:49:00.543 - org.jctools-core.MpscChunkedArrayQueue: available -[io.netty.util.internal.PlatformDependent$Mpsc] -io.netty.util.internal.PlatformDependent$Mpsc.<clinit>(PlatformDependent.java:967) 
[DEBUG] 2022-06-15 18:49:00.610 - -Dio.netty.threadLocalMap.stringBuilder.initialSize: 1024 -[io.netty.util.internal.InternalThreadLocalMap] -io.netty.util.internal.InternalThreadLocalMap.<clinit>(InternalThreadLocalMap.java:86) 
[DEBUG] 2022-06-15 18:49:00.612 - -Dio.netty.threadLocalMap.stringBuilder.maxSize: 4096 -[io.netty.util.internal.InternalThreadLocalMap] -io.netty.util.internal.InternalThreadLocalMap.<clinit>(InternalThreadLocalMap.java:89) 
[DEBUG] 2022-06-15 18:49:00.685 - Default protocols (JDK): [TLSv1.2]  -[io.netty.handler.ssl.JdkSslContext] -io.netty.handler.ssl.JdkSslContext.<clinit>(JdkSslContext.java:97) 
[DEBUG] 2022-06-15 18:49:00.686 - Default cipher suites (JDK): [TLS_ECDHE_ECDSA_WITH_AES_256_GCM_SHA384, TLS_ECDHE_ECDSA_WITH_AES_128_GCM_SHA256, TLS_ECDHE_RSA_WITH_AES_128_GCM_SHA256, TLS_ECDHE_RSA_WITH_AES_256_GCM_SHA384, TLS_ECDHE_RSA_WITH_AES_128_CBC_SHA, TLS_ECDHE_RSA_WITH_AES_256_CBC_SHA, TLS_RSA_WITH_AES_128_GCM_SHA256, TLS_RSA_WITH_AES_128_CBC_SHA, TLS_RSA_WITH_AES_256_CBC_SHA, TLS_AES_128_GCM_SHA256, TLS_AES_256_GCM_SHA384] -[io.netty.handler.ssl.JdkSslContext] -io.netty.handler.ssl.JdkSslContext.<clinit>(JdkSslContext.java:98) 
[DEBUG] 2022-06-15 18:49:00.793 - -Dio.netty.eventLoopThreads: 8 -[io.netty.channel.MultithreadEventLoopGroup] -io.netty.channel.MultithreadEventLoopGroup.<clinit>(MultithreadEventLoopGroup.java:44) 
[DEBUG] 2022-06-15 18:49:00.822 - -Dio.netty.noKeySetOptimization: false -[io.netty.channel.nio.NioEventLoop] -io.netty.channel.nio.NioEventLoop.<clinit>(NioEventLoop.java:109) 
[DEBUG] 2022-06-15 18:49:00.823 - -Dio.netty.selectorAutoRebuildThreshold: 512 -[io.netty.channel.nio.NioEventLoop] -io.netty.channel.nio.NioEventLoop.<clinit>(NioEventLoop.java:110) 
[DEBUG] 2022-06-15 18:49:00.914 - -Dio.netty.allocator.numHeapArenas: 8 -[io.netty.buffer.PooledByteBufAllocator] -io.netty.buffer.PooledByteBufAllocator.<clinit>(PooledByteBufAllocator.java:155) 
[DEBUG] 2022-06-15 18:49:00.915 - -Dio.netty.allocator.numDirectArenas: 8 -[io.netty.buffer.PooledByteBufAllocator] -io.netty.buffer.PooledByteBufAllocator.<clinit>(PooledByteBufAllocator.java:156) 
[DEBUG] 2022-06-15 18:49:00.917 - -Dio.netty.allocator.pageSize: 8192 -[io.netty.buffer.PooledByteBufAllocator] -io.netty.buffer.PooledByteBufAllocator.<clinit>(PooledByteBufAllocator.java:158) 
[DEBUG] 2022-06-15 18:49:00.918 - -Dio.netty.allocator.maxOrder: 11 -[io.netty.buffer.PooledByteBufAllocator] -io.netty.buffer.PooledByteBufAllocator.<clinit>(PooledByteBufAllocator.java:163) 
[DEBUG] 2022-06-15 18:49:00.918 - -Dio.netty.allocator.chunkSize: 16777216 -[io.netty.buffer.PooledByteBufAllocator] -io.netty.buffer.PooledByteBufAllocator.<clinit>(PooledByteBufAllocator.java:167) 
[DEBUG] 2022-06-15 18:49:00.919 - -Dio.netty.allocator.smallCacheSize: 256 -[io.netty.buffer.PooledByteBufAllocator] -io.netty.buffer.PooledByteBufAllocator.<clinit>(PooledByteBufAllocator.java:168) 
[DEBUG] 2022-06-15 18:49:00.920 - -Dio.netty.allocator.normalCacheSize: 64 -[io.netty.buffer.PooledByteBufAllocator] -io.netty.buffer.PooledByteBufAllocator.<clinit>(PooledByteBufAllocator.java:169) 
[DEBUG] 2022-06-15 18:49:00.921 - -Dio.netty.allocator.maxCachedBufferCapacity: 32768 -[io.netty.buffer.PooledByteBufAllocator] -io.netty.buffer.PooledByteBufAllocator.<clinit>(PooledByteBufAllocator.java:170) 
[DEBUG] 2022-06-15 18:49:00.922 - -Dio.netty.allocator.cacheTrimInterval: 8192 -[io.netty.buffer.PooledByteBufAllocator] -io.netty.buffer.PooledByteBufAllocator.<clinit>(PooledByteBufAllocator.java:171) 
[DEBUG] 2022-06-15 18:49:00.923 - -Dio.netty.allocator.cacheTrimIntervalMillis: 0 -[io.netty.buffer.PooledByteBufAllocator] -io.netty.buffer.PooledByteBufAllocator.<clinit>(PooledByteBufAllocator.java:172) 
[DEBUG] 2022-06-15 18:49:00.923 - -Dio.netty.allocator.useCacheForAllThreads: true -[io.netty.buffer.PooledByteBufAllocator] -io.netty.buffer.PooledByteBufAllocator.<clinit>(PooledByteBufAllocator.java:173) 
[DEBUG] 2022-06-15 18:49:00.924 - -Dio.netty.allocator.maxCachedByteBuffersPerChunk: 1023 -[io.netty.buffer.PooledByteBufAllocator] -io.netty.buffer.PooledByteBufAllocator.<clinit>(PooledByteBufAllocator.java:174) 
[DEBUG] 2022-06-15 18:49:00.951 - -Dio.netty.allocator.type: pooled -[io.netty.buffer.ByteBufUtil] -io.netty.buffer.ByteBufUtil.<clinit>(ByteBufUtil.java:87) 
[DEBUG] 2022-06-15 18:49:00.952 - -Dio.netty.threadLocalDirectBufferSize: 0 -[io.netty.buffer.ByteBufUtil] -io.netty.buffer.ByteBufUtil.<clinit>(ByteBufUtil.java:96) 
[DEBUG] 2022-06-15 18:49:00.953 - -Dio.netty.maxThreadLocalCharBufferSize: 16384 -[io.netty.buffer.ByteBufUtil] -io.netty.buffer.ByteBufUtil.<clinit>(ByteBufUtil.java:99) 
[DEBUG] 2022-06-15 18:49:02.401 - -Dio.netty.processId: 13260 (auto-detected) -[io.netty.channel.DefaultChannelId] -io.netty.channel.DefaultChannelId.<clinit>(DefaultChannelId.java:79) 
[DEBUG] 2022-06-15 18:49:02.406 - -Djava.net.preferIPv4Stack: false -[io.netty.util.NetUtil] -io.netty.util.NetUtil.<clinit>(NetUtil.java:135) 
[DEBUG] 2022-06-15 18:49:02.407 - -Djava.net.preferIPv6Addresses: false -[io.netty.util.NetUtil] -io.netty.util.NetUtil.<clinit>(NetUtil.java:136) 
[DEBUG] 2022-06-15 18:49:02.788 - Loopback interface: lo (Software Loopback Interface 1, 127.0.0.1) -[io.netty.util.NetUtilInitializations] -io.netty.util.NetUtilInitializations.determineLoopback(NetUtilInitializations.java:129) 
[DEBUG] 2022-06-15 18:49:02.790 - Failed to get SOMAXCONN from sysctl and file \proc\sys\net\core\somaxconn. Default: 200 -[io.netty.util.NetUtil$1] -io.netty.util.NetUtil$1.run(NetUtil.java:187) 
[DEBUG] 2022-06-15 18:49:03.88 - -Dio.netty.machineId: f4:8c:50:ff:fe:a5:e4:2f (auto-detected) -[io.netty.channel.DefaultChannelId] -io.netty.channel.DefaultChannelId.<clinit>(DefaultChannelId.java:101) 
[DEBUG] 2022-06-15 18:49:03.368 - -Dio.netty.buffer.checkAccessible: true -[io.netty.buffer.AbstractByteBuf] -io.netty.buffer.AbstractByteBuf.<clinit>(AbstractByteBuf.java:63) 
[DEBUG] 2022-06-15 18:49:03.369 - -Dio.netty.buffer.checkBounds: true -[io.netty.buffer.AbstractByteBuf] -io.netty.buffer.AbstractByteBuf.<clinit>(AbstractByteBuf.java:64) 
[DEBUG] 2022-06-15 18:49:03.369 - Loaded default ResourceLeakDetector: io.netty.util.ResourceLeakDetector@40c47a21 -[io.netty.util.ResourceLeakDetectorFactory$DefaultResourceLeakDetectorFactory] -io.netty.util.ResourceLeakDetectorFactory$DefaultResourceLeakDetectorFactory.newResourceLeakDetector(ResourceLeakDetectorFactory.java:196) 
[DEBUG] 2022-06-15 18:49:03.435 - -Dio.netty.recycler.maxCapacityPerThread: 4096 -[io.netty.util.Recycler] -io.netty.util.Recycler.<clinit>(Recycler.java:85) 
[DEBUG] 2022-06-15 18:49:03.436 - -Dio.netty.recycler.ratio: 8 -[io.netty.util.Recycler] -io.netty.util.Recycler.<clinit>(Recycler.java:86) 
[DEBUG] 2022-06-15 18:49:03.436 - -Dio.netty.recycler.chunkSize: 32 -[io.netty.util.Recycler] -io.netty.util.Recycler.<clinit>(Recycler.java:87) 
[DEBUG] 2022-06-15 18:49:03.437 - -Dio.netty.recycler.blocking: false -[io.netty.util.Recycler] -io.netty.util.Recycler.<clinit>(Recycler.java:88) 
[DEBUG] 2022-06-15 18:49:04.417 - brotli4j not in the classpath; Brotli support will be unavailable. -[io.netty.handler.codec.compression.Brotli] -io.netty.handler.codec.compression.Brotli.<clinit>(Brotli.java:38) 
[DEBUG] 2022-06-15 18:49:04.644 - -Dio.netty.initialSeedUniquifier: 0x8dd1a8ae513f916b -[io.netty.util.internal.ThreadLocalRandom] -io.netty.util.internal.ThreadLocalRandom.newSeed(ThreadLocalRandom.java:214) 
[INFO] 2022-06-15 18:49:08.403 - Navigated to https://www.google.com -[step_defs.BasicValidationSteps] -step_defs.BasicValidationSteps.the_user_navigates_to_google(BasicValidationSteps.java:25) 
[INFO] 2022-06-15 18:49:08.407 - Searched for: apple -[step_defs.BasicValidationSteps] -step_defs.BasicValidationSteps.the_user_searches_for(BasicValidationSteps.java:30) 
[INFO] 2022-06-15 18:49:11.689 - Verifying if page title has apple -[step_defs.BasicValidationSteps] -step_defs.BasicValidationSteps.verify_is_in_the_title_of_the_page(BasicValidationSteps.java:36) 
[INFO] 2022-06-15 18:49:11.712 - Closing driver -[utilities.drivers.Driver] -utilities.drivers.Driver.closeDriver(Driver.java:67) 
[DEBUG] 2022-06-15 18:49:12.417 - Initializing a webdriver for selenium version 4.1.2 -[utilities.drivers.Driver] -utilities.drivers.Driver.getDriver(Driver.java:30) 
[INFO] 2022-06-15 18:49:12.418 - Loading chrome browser -[utilities.drivers.Driver] -utilities.drivers.Driver.getDriver(Driver.java:32) 
[INFO] 2022-06-15 18:49:12.418 - Loading Chrome WebDriver -[utilities.drivers.Driver] -utilities.drivers.Driver.getDriver(Driver.java:36) 
[INFO] 2022-06-15 18:49:15.343 - Navigated to https://www.google.com -[step_defs.BasicValidationSteps] -step_defs.BasicValidationSteps.the_user_navigates_to_google(BasicValidationSteps.java:25) 
[INFO] 2022-06-15 18:49:15.345 - Searched for: cat -[step_defs.BasicValidationSteps] -step_defs.BasicValidationSteps.the_user_searches_for(BasicValidationSteps.java:30) 
[INFO] 2022-06-15 18:49:19.294 - Verifying if page title has cat -[step_defs.BasicValidationSteps] -step_defs.BasicValidationSteps.verify_is_in_the_title_of_the_page(BasicValidationSteps.java:36) 
[INFO] 2022-06-15 18:49:19.363 - Closing driver -[utilities.drivers.Driver] -utilities.drivers.Driver.closeDriver(Driver.java:67) 
[DEBUG] 2022-06-15 18:49:20.102 - Initializing a webdriver for selenium version 4.1.2 -[utilities.drivers.Driver] -utilities.drivers.Driver.getDriver(Driver.java:30) 
[INFO] 2022-06-15 18:49:20.103 - Loading chrome browser -[utilities.drivers.Driver] -utilities.drivers.Driver.getDriver(Driver.java:32) 
[INFO] 2022-06-15 18:49:20.103 - Loading Chrome WebDriver -[utilities.drivers.Driver] -utilities.drivers.Driver.getDriver(Driver.java:36) 
[INFO] 2022-06-15 18:49:23.536 - Navigated to https://www.google.com -[step_defs.BasicValidationSteps] -step_defs.BasicValidationSteps.the_user_navigates_to_google(BasicValidationSteps.java:25) 
[INFO] 2022-06-15 18:49:23.537 - Searched for: dog -[step_defs.BasicValidationSteps] -step_defs.BasicValidationSteps.the_user_searches_for(BasicValidationSteps.java:30) 
[INFO] 2022-06-15 18:49:27.531 - Verifying if page title has dog -[step_defs.BasicValidationSteps] -step_defs.BasicValidationSteps.verify_is_in_the_title_of_the_page(BasicValidationSteps.java:36) 
[INFO] 2022-06-15 18:49:27.558 - Closing driver -[utilities.drivers.Driver] -utilities.drivers.Driver.closeDriver(Driver.java:67) 
