[DEBUG] 2022-07-28 17:08:10.516 - Initializing a webdriver for selenium version 4.1.2 -[utilities.drivers.Driver] -utilities.drivers.Driver.getDriver(Driver.java:30) 
[INFO] 2022-07-28 17:08:10.516 - Loading chrome browser -[utilities.drivers.Driver] -utilities.drivers.Driver.getDriver(Driver.java:32) 
[INFO] 2022-07-28 17:08:10.516 - Loading Chrome WebDriver -[utilities.drivers.Driver] -utilities.drivers.Driver.getDriver(Driver.java:36) 
[DEBUG] 2022-07-28 17:08:11.391 - Using Log4J2 as the default logging framework -[io.netty.util.internal.logging.InternalLoggerFactory] -io.netty.util.internal.logging.InternalLoggerFactory.useLog4J2LoggerFactory(InternalLoggerFactory.java:76) 
[DEBUG] 2022-07-28 17:08:11.391 - -Dio.netty.leakDetection.level: simple -[io.netty.util.ResourceLeakDetector] -io.netty.util.ResourceLeakDetector.<clinit>(ResourceLeakDetector.java:129) 
[DEBUG] 2022-07-28 17:08:11.391 - -Dio.netty.leakDetection.targetRecords: 4 -[io.netty.util.ResourceLeakDetector] -io.netty.util.ResourceLeakDetector.<clinit>(ResourceLeakDetector.java:130) 
[DEBUG] 2022-07-28 17:08:11.406 - Loaded default ResourceLeakDetector: io.netty.util.ResourceLeakDetector@35beb15e -[io.netty.util.ResourceLeakDetectorFactory$DefaultResourceLeakDetectorFactory] -io.netty.util.ResourceLeakDetectorFactory$DefaultResourceLeakDetectorFactory.newResourceLeakDetector(ResourceLeakDetectorFactory.java:196) 
[DEBUG] 2022-07-28 17:08:11.422 - -Dio.netty.noUnsafe: false -[io.netty.util.internal.PlatformDependent0] -io.netty.util.internal.PlatformDependent0.explicitNoUnsafeCause0(PlatformDependent0.java:460) 
[DEBUG] 2022-07-28 17:08:11.422 - Java version: 8 -[io.netty.util.internal.PlatformDependent0] -io.netty.util.internal.PlatformDependent0.javaVersion0(PlatformDependent0.java:954) 
[DEBUG] 2022-07-28 17:08:11.422 - sun.misc.Unsafe.theUnsafe: available -[io.netty.util.internal.PlatformDependent0] -io.netty.util.internal.PlatformDependent0.<clinit>(PlatformDependent0.java:135) 
[DEBUG] 2022-07-28 17:08:11.422 - sun.misc.Unsafe.copyMemory: available -[io.netty.util.internal.PlatformDependent0] -io.netty.util.internal.PlatformDependent0.<clinit>(PlatformDependent0.java:159) 
[DEBUG] 2022-07-28 17:08:11.422 - java.nio.Buffer.address: available -[io.netty.util.internal.PlatformDependent0] -io.netty.util.internal.PlatformDependent0.<clinit>(PlatformDependent0.java:202) 
[DEBUG] 2022-07-28 17:08:11.422 - direct buffer constructor: available -[io.netty.util.internal.PlatformDependent0] -io.netty.util.internal.PlatformDependent0.<clinit>(PlatformDependent0.java:272) 
[DEBUG] 2022-07-28 17:08:11.422 - java.nio.Bits.unaligned: available, true -[io.netty.util.internal.PlatformDependent0] -io.netty.util.internal.PlatformDependent0.<clinit>(PlatformDependent0.java:350) 
[DEBUG] 2022-07-28 17:08:11.422 - jdk.internal.misc.Unsafe.allocateUninitializedArray(int): unavailable prior to Java9 -[io.netty.util.internal.PlatformDependent0] -io.netty.util.internal.PlatformDependent0.<clinit>(PlatformDependent0.java:424) 
[DEBUG] 2022-07-28 17:08:11.422 - java.nio.DirectByteBuffer.<init>(long, int): available -[io.netty.util.internal.PlatformDependent0] -io.netty.util.internal.PlatformDependent0.<clinit>(PlatformDependent0.java:446) 
[DEBUG] 2022-07-28 17:08:11.422 - sun.misc.Unsafe: available -[io.netty.util.internal.PlatformDependent] -io.netty.util.internal.PlatformDependent.unsafeUnavailabilityCause0(PlatformDependent.java:1116) 
[DEBUG] 2022-07-28 17:08:11.438 - -Dio.netty.tmpdir: C:\Users\OLEKSA~1\AppData\Local\Temp (java.io.tmpdir) -[io.netty.util.internal.PlatformDependent] -io.netty.util.internal.PlatformDependent.tmpdir0(PlatformDependent.java:1237) 
[DEBUG] 2022-07-28 17:08:11.438 - -Dio.netty.bitMode: 64 (sun.arch.data.model) -[io.netty.util.internal.PlatformDependent] -io.netty.util.internal.PlatformDependent.bitMode0(PlatformDependent.java:1316) 
[DEBUG] 2022-07-28 17:08:11.438 - Platform: Windows -[io.netty.util.internal.PlatformDependent] -io.netty.util.internal.PlatformDependent.isWindows0(PlatformDependent.java:1076) 
[DEBUG] 2022-07-28 17:08:11.438 - -Dio.netty.maxDirectMemory: 1883242496 bytes -[io.netty.util.internal.PlatformDependent] -io.netty.util.internal.PlatformDependent.<clinit>(PlatformDependent.java:178) 
[DEBUG] 2022-07-28 17:08:11.438 - -Dio.netty.uninitializedArrayAllocationThreshold: -1 -[io.netty.util.internal.PlatformDependent] -io.netty.util.internal.PlatformDependent.<clinit>(PlatformDependent.java:185) 
[DEBUG] 2022-07-28 17:08:11.438 - java.nio.ByteBuffer.cleaner(): available -[io.netty.util.internal.CleanerJava6] -io.netty.util.internal.CleanerJava6.<clinit>(CleanerJava6.java:92) 
[DEBUG] 2022-07-28 17:08:11.438 - -Dio.netty.noPreferDirect: false -[io.netty.util.internal.PlatformDependent] -io.netty.util.internal.PlatformDependent.<clinit>(PlatformDependent.java:205) 
[DEBUG] 2022-07-28 17:08:11.453 - org.jctools-core.MpscChunkedArrayQueue: available -[io.netty.util.internal.PlatformDependent$Mpsc] -io.netty.util.internal.PlatformDependent$Mpsc.<clinit>(PlatformDependent.java:967) 
[DEBUG] 2022-07-28 17:08:11.469 - -Dio.netty.threadLocalMap.stringBuilder.initialSize: 1024 -[io.netty.util.internal.InternalThreadLocalMap] -io.netty.util.internal.InternalThreadLocalMap.<clinit>(InternalThreadLocalMap.java:86) 
[DEBUG] 2022-07-28 17:08:11.469 - -Dio.netty.threadLocalMap.stringBuilder.maxSize: 4096 -[io.netty.util.internal.InternalThreadLocalMap] -io.netty.util.internal.InternalThreadLocalMap.<clinit>(InternalThreadLocalMap.java:89) 
[DEBUG] 2022-07-28 17:08:11.501 - Default protocols (JDK): [TLSv1.2]  -[io.netty.handler.ssl.JdkSslContext] -io.netty.handler.ssl.JdkSslContext.<clinit>(JdkSslContext.java:97) 
[DEBUG] 2022-07-28 17:08:11.501 - Default cipher suites (JDK): [TLS_ECDHE_ECDSA_WITH_AES_256_GCM_SHA384, TLS_ECDHE_ECDSA_WITH_AES_128_GCM_SHA256, TLS_ECDHE_RSA_WITH_AES_128_GCM_SHA256, TLS_ECDHE_RSA_WITH_AES_256_GCM_SHA384, TLS_ECDHE_RSA_WITH_AES_128_CBC_SHA, TLS_ECDHE_RSA_WITH_AES_256_CBC_SHA, TLS_RSA_WITH_AES_128_GCM_SHA256, TLS_RSA_WITH_AES_128_CBC_SHA, TLS_RSA_WITH_AES_256_CBC_SHA, TLS_AES_128_GCM_SHA256, TLS_AES_256_GCM_SHA384] -[io.netty.handler.ssl.JdkSslContext] -io.netty.handler.ssl.JdkSslContext.<clinit>(JdkSslContext.java:98) 
[DEBUG] 2022-07-28 17:08:11.532 - -Dio.netty.eventLoopThreads: 8 -[io.netty.channel.MultithreadEventLoopGroup] -io.netty.channel.MultithreadEventLoopGroup.<clinit>(MultithreadEventLoopGroup.java:44) 
[DEBUG] 2022-07-28 17:08:11.532 - -Dio.netty.noKeySetOptimization: false -[io.netty.channel.nio.NioEventLoop] -io.netty.channel.nio.NioEventLoop.<clinit>(NioEventLoop.java:109) 
[DEBUG] 2022-07-28 17:08:11.532 - -Dio.netty.selectorAutoRebuildThreshold: 512 -[io.netty.channel.nio.NioEventLoop] -io.netty.channel.nio.NioEventLoop.<clinit>(NioEventLoop.java:110) 
[DEBUG] 2022-07-28 17:08:11.595 - -Dio.netty.allocator.numHeapArenas: 8 -[io.netty.buffer.PooledByteBufAllocator] -io.netty.buffer.PooledByteBufAllocator.<clinit>(PooledByteBufAllocator.java:155) 
[DEBUG] 2022-07-28 17:08:11.595 - -Dio.netty.allocator.numDirectArenas: 8 -[io.netty.buffer.PooledByteBufAllocator] -io.netty.buffer.PooledByteBufAllocator.<clinit>(PooledByteBufAllocator.java:156) 
[DEBUG] 2022-07-28 17:08:11.595 - -Dio.netty.allocator.pageSize: 8192 -[io.netty.buffer.PooledByteBufAllocator] -io.netty.buffer.PooledByteBufAllocator.<clinit>(PooledByteBufAllocator.java:158) 
[DEBUG] 2022-07-28 17:08:11.595 - -Dio.netty.allocator.maxOrder: 11 -[io.netty.buffer.PooledByteBufAllocator] -io.netty.buffer.PooledByteBufAllocator.<clinit>(PooledByteBufAllocator.java:163) 
[DEBUG] 2022-07-28 17:08:11.595 - -Dio.netty.allocator.chunkSize: 16777216 -[io.netty.buffer.PooledByteBufAllocator] -io.netty.buffer.PooledByteBufAllocator.<clinit>(PooledByteBufAllocator.java:167) 
[DEBUG] 2022-07-28 17:08:11.595 - -Dio.netty.allocator.smallCacheSize: 256 -[io.netty.buffer.PooledByteBufAllocator] -io.netty.buffer.PooledByteBufAllocator.<clinit>(PooledByteBufAllocator.java:168) 
[DEBUG] 2022-07-28 17:08:11.595 - -Dio.netty.allocator.normalCacheSize: 64 -[io.netty.buffer.PooledByteBufAllocator] -io.netty.buffer.PooledByteBufAllocator.<clinit>(PooledByteBufAllocator.java:169) 
[DEBUG] 2022-07-28 17:08:11.595 - -Dio.netty.allocator.maxCachedBufferCapacity: 32768 -[io.netty.buffer.PooledByteBufAllocator] -io.netty.buffer.PooledByteBufAllocator.<clinit>(PooledByteBufAllocator.java:170) 
[DEBUG] 2022-07-28 17:08:11.610 - -Dio.netty.allocator.cacheTrimInterval: 8192 -[io.netty.buffer.PooledByteBufAllocator] -io.netty.buffer.PooledByteBufAllocator.<clinit>(PooledByteBufAllocator.java:171) 
[DEBUG] 2022-07-28 17:08:11.610 - -Dio.netty.allocator.cacheTrimIntervalMillis: 0 -[io.netty.buffer.PooledByteBufAllocator] -io.netty.buffer.PooledByteBufAllocator.<clinit>(PooledByteBufAllocator.java:172) 
[DEBUG] 2022-07-28 17:08:11.610 - -Dio.netty.allocator.useCacheForAllThreads: true -[io.netty.buffer.PooledByteBufAllocator] -io.netty.buffer.PooledByteBufAllocator.<clinit>(PooledByteBufAllocator.java:173) 
[DEBUG] 2022-07-28 17:08:11.610 - -Dio.netty.allocator.maxCachedByteBuffersPerChunk: 1023 -[io.netty.buffer.PooledByteBufAllocator] -io.netty.buffer.PooledByteBufAllocator.<clinit>(PooledByteBufAllocator.java:174) 
[DEBUG] 2022-07-28 17:08:11.626 - -Dio.netty.allocator.type: pooled -[io.netty.buffer.ByteBufUtil] -io.netty.buffer.ByteBufUtil.<clinit>(ByteBufUtil.java:87) 
[DEBUG] 2022-07-28 17:08:11.626 - -Dio.netty.threadLocalDirectBufferSize: 0 -[io.netty.buffer.ByteBufUtil] -io.netty.buffer.ByteBufUtil.<clinit>(ByteBufUtil.java:96) 
[DEBUG] 2022-07-28 17:08:11.626 - -Dio.netty.maxThreadLocalCharBufferSize: 16384 -[io.netty.buffer.ByteBufUtil] -io.netty.buffer.ByteBufUtil.<clinit>(ByteBufUtil.java:99) 
[DEBUG] 2022-07-28 17:08:12.593 - -Dio.netty.processId: 18908 (auto-detected) -[io.netty.channel.DefaultChannelId] -io.netty.channel.DefaultChannelId.<clinit>(DefaultChannelId.java:79) 
[DEBUG] 2022-07-28 17:08:12.593 - -Djava.net.preferIPv4Stack: false -[io.netty.util.NetUtil] -io.netty.util.NetUtil.<clinit>(NetUtil.java:135) 
[DEBUG] 2022-07-28 17:08:12.593 - -Djava.net.preferIPv6Addresses: false -[io.netty.util.NetUtil] -io.netty.util.NetUtil.<clinit>(NetUtil.java:136) 
[DEBUG] 2022-07-28 17:08:12.760 - Loopback interface: lo (Software Loopback Interface 1, 127.0.0.1) -[io.netty.util.NetUtilInitializations] -io.netty.util.NetUtilInitializations.determineLoopback(NetUtilInitializations.java:129) 
[DEBUG] 2022-07-28 17:08:12.760 - Failed to get SOMAXCONN from sysctl and file \proc\sys\net\core\somaxconn. Default: 200 -[io.netty.util.NetUtil$1] -io.netty.util.NetUtil$1.run(NetUtil.java:187) 
[DEBUG] 2022-07-28 17:08:12.932 - -Dio.netty.machineId: f4:8c:50:ff:fe:a5:e4:2f (auto-detected) -[io.netty.channel.DefaultChannelId] -io.netty.channel.DefaultChannelId.<clinit>(DefaultChannelId.java:101) 
[DEBUG] 2022-07-28 17:08:12.995 - -Dio.netty.buffer.checkAccessible: true -[io.netty.buffer.AbstractByteBuf] -io.netty.buffer.AbstractByteBuf.<clinit>(AbstractByteBuf.java:63) 
[DEBUG] 2022-07-28 17:08:12.995 - -Dio.netty.buffer.checkBounds: true -[io.netty.buffer.AbstractByteBuf] -io.netty.buffer.AbstractByteBuf.<clinit>(AbstractByteBuf.java:64) 
[DEBUG] 2022-07-28 17:08:12.995 - Loaded default ResourceLeakDetector: io.netty.util.ResourceLeakDetector@2576ab5 -[io.netty.util.ResourceLeakDetectorFactory$DefaultResourceLeakDetectorFactory] -io.netty.util.ResourceLeakDetectorFactory$DefaultResourceLeakDetectorFactory.newResourceLeakDetector(ResourceLeakDetectorFactory.java:196) 
[DEBUG] 2022-07-28 17:08:13.26 - -Dio.netty.recycler.maxCapacityPerThread: 4096 -[io.netty.util.Recycler] -io.netty.util.Recycler.<clinit>(Recycler.java:85) 
[DEBUG] 2022-07-28 17:08:13.26 - -Dio.netty.recycler.ratio: 8 -[io.netty.util.Recycler] -io.netty.util.Recycler.<clinit>(Recycler.java:86) 
[DEBUG] 2022-07-28 17:08:13.26 - -Dio.netty.recycler.chunkSize: 32 -[io.netty.util.Recycler] -io.netty.util.Recycler.<clinit>(Recycler.java:87) 
[DEBUG] 2022-07-28 17:08:13.26 - -Dio.netty.recycler.blocking: false -[io.netty.util.Recycler] -io.netty.util.Recycler.<clinit>(Recycler.java:88) 
[DEBUG] 2022-07-28 17:08:13.678 - brotli4j not in the classpath; Brotli support will be unavailable. -[io.netty.handler.codec.compression.Brotli] -io.netty.handler.codec.compression.Brotli.<clinit>(Brotli.java:38) 
[DEBUG] 2022-07-28 17:08:13.819 - -Dio.netty.initialSeedUniquifier: 0xb720683de2440f4d -[io.netty.util.internal.ThreadLocalRandom] -io.netty.util.internal.ThreadLocalRandom.newSeed(ThreadLocalRandom.java:214) 
[DEBUG] 2022-07-28 17:08:13.913 - Initializing a webdriver for selenium version 4.1.2 -[utilities.drivers.Driver] -utilities.drivers.Driver.getDriver(Driver.java:30) 
[INFO] 2022-07-28 17:08:15.35 - Navigated to https://www.google.com -[step_defs.BasicValidationSteps] -step_defs.BasicValidationSteps.the_user_navigates_to_google(BasicValidationSteps.java:25) 
[INFO] 2022-07-28 17:08:15.39 - Searched for: apple -[step_defs.BasicValidationSteps] -step_defs.BasicValidationSteps.the_user_searches_for(BasicValidationSteps.java:30) 
[INFO] 2022-07-28 17:08:17.718 - Verifying if page title has apple -[step_defs.BasicValidationSteps] -step_defs.BasicValidationSteps.verify_is_in_the_title_of_the_page(BasicValidationSteps.java:36) 
[INFO] 2022-07-28 17:08:17.735 - Closing driver -[utilities.drivers.Driver] -utilities.drivers.Driver.closeDriver(Driver.java:67) 
[DEBUG] 2022-07-28 17:08:18.378 - Initializing a webdriver for selenium version 4.1.2 -[utilities.drivers.Driver] -utilities.drivers.Driver.getDriver(Driver.java:30) 
[INFO] 2022-07-28 17:08:18.378 - Loading chrome browser -[utilities.drivers.Driver] -utilities.drivers.Driver.getDriver(Driver.java:32) 
[INFO] 2022-07-28 17:08:18.378 - Loading Chrome WebDriver -[utilities.drivers.Driver] -utilities.drivers.Driver.getDriver(Driver.java:36) 
[DEBUG] 2022-07-28 17:08:19.661 - Initializing a webdriver for selenium version 4.1.2 -[utilities.drivers.Driver] -utilities.drivers.Driver.getDriver(Driver.java:30) 
[INFO] 2022-07-28 17:08:20.812 - Navigated to https://www.google.com -[step_defs.BasicValidationSteps] -step_defs.BasicValidationSteps.the_user_navigates_to_google(BasicValidationSteps.java:25) 
[INFO] 2022-07-28 17:08:20.814 - Searched for: cat -[step_defs.BasicValidationSteps] -step_defs.BasicValidationSteps.the_user_searches_for(BasicValidationSteps.java:30) 
[INFO] 2022-07-28 17:08:23.35 - Verifying if page title has dog -[step_defs.BasicValidationSteps] -step_defs.BasicValidationSteps.verify_is_in_the_title_of_the_page(BasicValidationSteps.java:36) 
[DEBUG] 2022-07-28 17:08:23.51 - Initializing a webdriver for selenium version 4.1.2 -[utilities.drivers.Driver] -utilities.drivers.Driver.getDriver(Driver.java:30) 
[INFO] 2022-07-28 17:08:23.281 - Closing driver -[utilities.drivers.Driver] -utilities.drivers.Driver.closeDriver(Driver.java:67) 
